TN:
SF:C:\Users\Fabio Stabile\Desktop\Fabio\Università\Polito\2° anno\Software engineering 2\Progetto\team11-PULSeBS\clientbuild\client\src\API.js
FN:1,userLogin
FN:2,(anonymous_1)
FN:10,(anonymous_2)
FN:11,(anonymous_3)
FN:21,(anonymous_4)
FN:22,(anonymous_5)
FN:26,logout
FN:27,(anonymous_7)
FN:29,(anonymous_8)
FN:37,(anonymous_9)
FN:44,getBookableStudentLectures
FN:60,getBooking
FN:76,getStudentBookings
FN:92,getWaitingBookings
FN:108,bookASeat
FN:139,getTeacherLectures
FN:154,deleteBooking
FN:156,(anonymous_17)
FN:165,(anonymous_18)
FN:171,(anonymous_19)
FN:175,deleteLecture
FN:200,changeToOnline
FN:225,changeToOnlineByYear
FN:245,changeToPresenceByYear
FN:265,getAllCourses
FN:282,getBookingStatisticsByMonth
FN:297,getBookingStatisticsByWeek
FN:312,getBookingStatisticsByLesson
FN:328,getCancellationsStatisticsByMonth
FN:343,getCancellationsStatisticsByWeek
FN:358,getCancellationsStatisticsByLesson
FN:374,getCoursesOfTeacher
FN:390,getFullLectures
FN:405,getTeacherStatistics
FN:426,setUpStudents
FN:485,setUpProfessors
FN:521,setUpCourses
FN:557,setUpLectures
FN:593,setUpClasses
FN:629,getAllStudents
FN:646,getStudentContacts
FN:662,updateAttendance
FN:664,(anonymous_42)
FN:674,(anonymous_43)
FN:680,(anonymous_44)
FN:684,getAllClassrooms
FN:700,getGeneralSchedule
FN:716,updateSchedule
FNF:48
FNH:48
FNDA:4,userLogin
FNDA:4,(anonymous_1)
FNDA:2,(anonymous_2)
FNDA:1,(anonymous_3)
FNDA:1,(anonymous_4)
FNDA:1,(anonymous_5)
FNDA:3,logout
FNDA:3,(anonymous_7)
FNDA:2,(anonymous_8)
FNDA:1,(anonymous_9)
FNDA:3,getBookableStudentLectures
FNDA:3,getBooking
FNDA:3,getStudentBookings
FNDA:4,getWaitingBookings
FNDA:2,bookASeat
FNDA:5,getTeacherLectures
FNDA:3,deleteBooking
FNDA:3,(anonymous_17)
FNDA:2,(anonymous_18)
FNDA:1,(anonymous_19)
FNDA:3,deleteLecture
FNDA:3,changeToOnline
FNDA:3,changeToOnlineByYear
FNDA:3,changeToPresenceByYear
FNDA:4,getAllCourses
FNDA:7,getBookingStatisticsByMonth
FNDA:3,getBookingStatisticsByWeek
FNDA:3,getBookingStatisticsByLesson
FNDA:6,getCancellationsStatisticsByMonth
FNDA:3,getCancellationsStatisticsByWeek
FNDA:3,getCancellationsStatisticsByLesson
FNDA:6,getCoursesOfTeacher
FNDA:3,getFullLectures
FNDA:5,getTeacherStatistics
FNDA:3,setUpStudents
FNDA:3,setUpProfessors
FNDA:3,setUpCourses
FNDA:3,setUpLectures
FNDA:3,setUpClasses
FNDA:4,getAllStudents
FNDA:3,getStudentContacts
FNDA:3,updateAttendance
FNDA:3,(anonymous_42)
FNDA:2,(anonymous_43)
FNDA:1,(anonymous_44)
FNDA:3,getAllClassrooms
FNDA:4,getGeneralSchedule
FNDA:2,updateSchedule
DA:2,4
DA:3,4
DA:11,2
DA:19,1
DA:21,1
DA:22,1
DA:27,3
DA:28,3
DA:30,2
DA:31,1
DA:34,1
DA:38,1
DA:45,3
DA:46,3
DA:47,3
DA:48,3
DA:49,2
DA:50,1
DA:52,1
DA:54,1
DA:55,1
DA:61,3
DA:62,3
DA:63,3
DA:64,3
DA:65,2
DA:66,1
DA:68,1
DA:70,1
DA:71,1
DA:77,3
DA:78,3
DA:79,3
DA:80,3
DA:81,2
DA:82,1
DA:84,1
DA:86,1
DA:87,1
DA:93,4
DA:94,4
DA:95,3
DA:96,3
DA:97,2
DA:98,1
DA:100,1
DA:102,1
DA:103,1
DA:109,2
DA:110,2
DA:123,2
DA:124,2
DA:125,2
DA:126,1
DA:128,1
DA:129,1
DA:133,1
DA:134,1
DA:140,5
DA:141,5
DA:142,3
DA:143,3
DA:144,2
DA:145,1
DA:147,1
DA:149,1
DA:150,1
DA:155,3
DA:156,3
DA:157,3
DA:166,2
DA:167,1
DA:169,1
DA:171,1
DA:176,3
DA:177,3
DA:186,3
DA:187,3
DA:188,2
DA:189,1
DA:191,1
DA:192,1
DA:195,1
DA:196,1
DA:201,3
DA:202,3
DA:211,3
DA:212,3
DA:213,2
DA:214,1
DA:216,1
DA:217,1
DA:220,1
DA:221,1
DA:226,3
DA:227,3
DA:236,3
DA:237,3
DA:238,2
DA:240,1
DA:241,1
DA:246,3
DA:247,3
DA:256,3
DA:257,3
DA:258,2
DA:260,1
DA:261,1
DA:266,4
DA:268,4
DA:269,3
DA:270,3
DA:271,2
DA:272,1
DA:274,1
DA:276,1
DA:277,1
DA:281,16
DA:283,7
DA:285,7
DA:286,3
DA:287,3
DA:288,2
DA:289,1
DA:291,1
DA:293,1
DA:294,1
DA:298,3
DA:300,3
DA:301,3
DA:302,3
DA:303,2
DA:304,1
DA:306,1
DA:308,1
DA:309,1
DA:313,3
DA:315,3
DA:316,3
DA:317,3
DA:318,2
DA:319,1
DA:321,1
DA:323,1
DA:324,1
DA:329,6
DA:331,6
DA:332,3
DA:333,3
DA:334,2
DA:335,1
DA:337,1
DA:339,1
DA:340,1
DA:344,3
DA:346,3
DA:347,3
DA:348,3
DA:349,2
DA:350,1
DA:352,1
DA:354,1
DA:355,1
DA:359,3
DA:361,3
DA:362,3
DA:363,3
DA:364,2
DA:365,1
DA:367,1
DA:369,1
DA:370,1
DA:375,6
DA:377,6
DA:378,3
DA:379,3
DA:380,2
DA:381,1
DA:383,1
DA:385,1
DA:386,1
DA:391,3
DA:392,3
DA:393,3
DA:394,3
DA:395,2
DA:396,1
DA:398,1
DA:400,1
DA:401,1
DA:406,5
DA:407,3
DA:414,3
DA:415,3
DA:416,2
DA:417,1
DA:419,1
DA:421,1
DA:422,1
DA:427,3
DA:452,3
DA:454,3
DA:463,2
DA:470,2
DA:471,2
DA:472,1
DA:474,1
DA:475,1
DA:480,1
DA:481,1
DA:486,3
DA:488,3
DA:490,3
DA:499,2
DA:506,2
DA:507,2
DA:508,1
DA:510,1
DA:511,1
DA:516,1
DA:517,1
DA:522,3
DA:524,3
DA:526,3
DA:535,2
DA:542,2
DA:543,2
DA:544,1
DA:546,1
DA:547,1
DA:552,1
DA:553,1
DA:558,3
DA:560,3
DA:562,3
DA:571,2
DA:578,2
DA:579,2
DA:580,1
DA:582,1
DA:583,1
DA:588,1
DA:589,1
DA:594,3
DA:596,3
DA:598,3
DA:607,2
DA:614,2
DA:615,2
DA:616,1
DA:618,1
DA:619,1
DA:624,1
DA:625,1
DA:630,4
DA:632,4
DA:633,3
DA:634,3
DA:635,2
DA:636,1
DA:638,1
DA:640,1
DA:641,1
DA:647,3
DA:649,3
DA:650,3
DA:651,3
DA:652,2
DA:653,1
DA:655,1
DA:657,1
DA:658,1
DA:663,3
DA:664,3
DA:665,3
DA:675,2
DA:676,1
DA:678,1
DA:680,1
DA:685,3
DA:687,3
DA:688,3
DA:689,3
DA:690,2
DA:691,1
DA:693,1
DA:695,1
DA:696,1
DA:701,4
DA:703,4
DA:704,3
DA:705,3
DA:706,2
DA:707,1
DA:709,1
DA:711,1
DA:712,1
DA:717,2
DA:719,2
DA:720,2
DA:729,2
DA:730,2
DA:731,2
DA:732,1
DA:734,1
DA:735,1
DA:740,1
DA:741,1
DA:745,16
LF:309
LH:309
BRDA:30,0,0,1
BRDA:30,0,1,1
BRDA:48,1,0,2
BRDA:48,1,1,1
BRDA:49,2,0,1
BRDA:49,2,1,1
BRDA:64,3,0,2
BRDA:64,3,1,1
BRDA:65,4,0,1
BRDA:65,4,1,1
BRDA:80,5,0,2
BRDA:80,5,1,1
BRDA:81,6,0,1
BRDA:81,6,1,1
BRDA:96,7,0,2
BRDA:96,7,1,1
BRDA:97,8,0,1
BRDA:97,8,1,1
BRDA:125,9,0,1
BRDA:125,9,1,1
BRDA:143,10,0,2
BRDA:143,10,1,1
BRDA:144,11,0,1
BRDA:144,11,1,1
BRDA:166,12,0,1
BRDA:166,12,1,1
BRDA:187,13,0,2
BRDA:187,13,1,1
BRDA:188,14,0,1
BRDA:188,14,1,1
BRDA:212,15,0,2
BRDA:212,15,1,1
BRDA:213,16,0,1
BRDA:213,16,1,1
BRDA:237,17,0,2
BRDA:237,17,1,1
BRDA:257,18,0,2
BRDA:257,18,1,1
BRDA:270,19,0,2
BRDA:270,19,1,1
BRDA:271,20,0,1
BRDA:271,20,1,1
BRDA:283,21,0,2
BRDA:283,21,1,5
BRDA:287,22,0,2
BRDA:287,22,1,1
BRDA:288,23,0,1
BRDA:288,23,1,1
BRDA:298,24,0,1
BRDA:298,24,1,2
BRDA:302,25,0,2
BRDA:302,25,1,1
BRDA:303,26,0,1
BRDA:303,26,1,1
BRDA:313,27,0,1
BRDA:313,27,1,2
BRDA:317,28,0,2
BRDA:317,28,1,1
BRDA:318,29,0,1
BRDA:318,29,1,1
BRDA:333,30,0,2
BRDA:333,30,1,1
BRDA:334,31,0,1
BRDA:334,31,1,1
BRDA:348,32,0,2
BRDA:348,32,1,1
BRDA:349,33,0,1
BRDA:349,33,1,1
BRDA:363,34,0,2
BRDA:363,34,1,1
BRDA:364,35,0,1
BRDA:364,35,1,1
BRDA:379,36,0,2
BRDA:379,36,1,1
BRDA:380,37,0,1
BRDA:380,37,1,1
BRDA:394,38,0,2
BRDA:394,38,1,1
BRDA:395,39,0,1
BRDA:395,39,1,1
BRDA:406,40,0,1
BRDA:406,40,1,2
BRDA:415,41,0,2
BRDA:415,41,1,1
BRDA:416,42,0,1
BRDA:416,42,1,1
BRDA:471,43,0,1
BRDA:471,43,1,1
BRDA:507,44,0,1
BRDA:507,44,1,1
BRDA:543,45,0,1
BRDA:543,45,1,1
BRDA:579,46,0,1
BRDA:579,46,1,1
BRDA:615,47,0,1
BRDA:615,47,1,1
BRDA:634,48,0,2
BRDA:634,48,1,1
BRDA:635,49,0,1
BRDA:635,49,1,1
BRDA:651,50,0,2
BRDA:651,50,1,1
BRDA:652,51,0,1
BRDA:652,51,1,1
BRDA:675,52,0,1
BRDA:675,52,1,1
BRDA:689,53,0,2
BRDA:689,53,1,1
BRDA:690,54,0,1
BRDA:690,54,1,1
BRDA:705,55,0,2
BRDA:705,55,1,1
BRDA:706,56,0,1
BRDA:706,56,1,1
BRDA:731,57,0,1
BRDA:731,57,1,1
BRF:116
BRH:116
end_of_record
TN:
SF:C:\Users\Fabio Stabile\Desktop\Fabio\Università\Polito\2° anno\Software engineering 2\Progetto\team11-PULSeBS\clientbuild\client\src\App.js
FN:23,(anonymous_0)
FN:39,(anonymous_1)
FN:43,(anonymous_2)
FN:62,(anonymous_3)
FN:64,(anonymous_4)
FN:68,(anonymous_5)
FN:73,(anonymous_6)
FN:74,(anonymous_7)
FN:79,(anonymous_8)
FN:80,(anonymous_9)
FN:85,(anonymous_10)
FN:86,(anonymous_11)
FN:91,(anonymous_12)
FN:92,(anonymous_13)
FN:97,(anonymous_14)
FN:98,(anonymous_15)
FN:103,(anonymous_16)
FN:105,(anonymous_17)
FN:112,(anonymous_18)
FN:117,(anonymous_19)
FN:118,(anonymous_20)
FN:126,(anonymous_21)
FN:127,(anonymous_22)
FN:132,(anonymous_23)
FN:133,(anonymous_24)
FN:138,(anonymous_25)
FN:142,(anonymous_26)
FN:150,(anonymous_27)
FN:161,(anonymous_28)
FN:172,(anonymous_29)
FN:183,(anonymous_30)
FN:208,(anonymous_31)
FN:252,(anonymous_32)
FNF:33
FNH:32
FNDA:16,(anonymous_0)
FNDA:16,(anonymous_1)
FNDA:15,(anonymous_2)
FNDA:2,(anonymous_3)
FNDA:1,(anonymous_4)
FNDA:1,(anonymous_5)
FNDA:10,(anonymous_6)
FNDA:10,(anonymous_7)
FNDA:12,(anonymous_8)
FNDA:12,(anonymous_9)
FNDA:4,(anonymous_10)
FNDA:2,(anonymous_11)
FNDA:12,(anonymous_12)
FNDA:12,(anonymous_13)
FNDA:12,(anonymous_14)
FNDA:11,(anonymous_15)
FNDA:2,(anonymous_16)
FNDA:1,(anonymous_17)
FNDA:1,(anonymous_18)
FNDA:1,(anonymous_19)
FNDA:1,(anonymous_20)
FNDA:1,(anonymous_21)
FNDA:1,(anonymous_22)
FNDA:1,(anonymous_23)
FNDA:1,(anonymous_24)
FNDA:1,(anonymous_25)
FNDA:125,(anonymous_26)
FNDA:46,(anonymous_27)
FNDA:30,(anonymous_28)
FNDA:21,(anonymous_29)
FNDA:38,(anonymous_30)
FNDA:4,(anonymous_31)
FNDA:0,(anonymous_32)
DA:24,16
DA:26,16
DA:43,16
DA:44,15
DA:45,15
DA:46,15
DA:47,15
DA:48,15
DA:49,9
DA:50,9
DA:51,9
DA:52,9
DA:53,6
DA:54,4
DA:55,2
DA:57,1
DA:62,16
DA:63,2
DA:65,1
DA:66,1
DA:69,1
DA:73,16
DA:74,10
DA:75,10
DA:79,16
DA:80,12
DA:81,12
DA:85,16
DA:86,4
DA:87,2
DA:91,16
DA:92,12
DA:93,12
DA:97,16
DA:98,12
DA:99,11
DA:103,16
DA:104,2
DA:105,2
DA:107,1
DA:108,1
DA:109,1
DA:110,1
DA:113,1
DA:117,16
DA:118,1
DA:119,1
DA:120,1
DA:121,1
DA:122,1
DA:126,16
DA:127,1
DA:128,1
DA:132,16
DA:133,1
DA:134,1
DA:138,16
DA:139,1
DA:143,125
DA:151,46
DA:162,30
DA:173,21
DA:184,38
DA:209,4
DA:253,0
LF:65
LH:64
BRDA:48,0,0,9
BRDA:48,0,1,6
BRDA:53,1,0,4
BRDA:53,1,1,2
BRDA:55,2,0,1
BRDA:55,2,1,1
BRDA:57,3,0,1
BRDA:57,3,1,0
BRDA:149,4,0,62
BRDA:149,4,1,63
BRDA:149,5,0,125
BRDA:149,5,1,107
BRDA:199,6,0,13
BRDA:199,6,1,112
BRDA:199,7,0,125
BRDA:199,7,1,107
BRDA:207,8,0,13
BRDA:207,8,1,112
BRDA:207,9,0,125
BRDA:207,9,1,107
BRDA:214,10,0,1
BRDA:214,10,1,3
BRDA:229,11,0,2
BRDA:229,11,1,123
BRDA:229,12,0,125
BRDA:229,12,1,107
BRDA:237,13,0,2
BRDA:237,13,1,123
BRDA:237,14,0,125
BRDA:237,14,1,107
BRDA:245,15,0,2
BRDA:245,15,1,123
BRDA:245,16,0,125
BRDA:245,16,1,107
BRDA:253,17,0,0
BRDA:253,17,1,0
BRDA:253,18,0,0
BRDA:253,18,1,0
BRDA:260,19,0,2
BRDA:260,19,1,123
BRDA:260,20,0,125
BRDA:260,20,1,107
BRDA:268,21,0,2
BRDA:268,21,1,123
BRDA:268,22,0,125
BRDA:268,22,1,107
BRDA:276,23,0,2
BRDA:276,23,1,123
BRDA:276,24,0,125
BRDA:276,24,1,107
BRF:50
BRH:45
end_of_record
TN:
SF:C:\Users\Fabio Stabile\Desktop\Fabio\Università\Polito\2° anno\Software engineering 2\Progetto\team11-PULSeBS\clientbuild\client\src\BookingManagerNavButton.js
FN:5,(anonymous_0)
FN:11,(anonymous_1)
FN:29,(anonymous_2)
FNF:3
FNH:3
FNDA:3,(anonymous_0)
FNDA:4,(anonymous_1)
FNDA:1,(anonymous_2)
DA:6,3
DA:8,3
DA:12,4
DA:29,3
DA:30,1
LF:5
LH:5
BRDA:14,0,0,4
BRDA:14,0,1,3
BRDA:21,1,0,4
BRDA:21,1,1,1
BRF:4
BRH:4
end_of_record
TN:
SF:C:\Users\Fabio Stabile\Desktop\Fabio\Università\Polito\2° anno\Software engineering 2\Progetto\team11-PULSeBS\clientbuild\client\src\BookingManagerPage.js
FN:9,(anonymous_0)
FN:18,(anonymous_1)
FN:19,(anonymous_2)
FN:34,(anonymous_3)
FN:36,(anonymous_4)
FN:40,(anonymous_5)
FN:51,(anonymous_6)
FN:53,(anonymous_7)
FN:65,(anonymous_8)
FN:79,(anonymous_9)
FN:81,(anonymous_10)
FN:82,(anonymous_11)
FN:83,(anonymous_12)
FN:143,(anonymous_13)
FN:150,(anonymous_14)
FN:156,(anonymous_15)
FN:160,(anonymous_16)
FN:177,(anonymous_17)
FN:180,(anonymous_18)
FN:184,(anonymous_19)
FN:201,(anonymous_20)
FN:203,(anonymous_21)
FN:207,(anonymous_22)
FN:220,(anonymous_23)
FN:223,(anonymous_24)
FN:225,(anonymous_25)
FN:238,(anonymous_26)
FN:240,(anonymous_27)
FN:253,(anonymous_28)
FN:255,(anonymous_29)
FN:268,(anonymous_30)
FN:275,(anonymous_31)
FN:281,(anonymous_32)
FN:283,(anonymous_33)
FN:287,(anonymous_34)
FN:298,(anonymous_35)
FN:300,(anonymous_36)
FN:314,(anonymous_37)
FN:355,(anonymous_38)
FN:364,(anonymous_39)
FN:399,(anonymous_40)
FN:411,(anonymous_41)
FN:414,(anonymous_42)
FN:419,(anonymous_43)
FN:428,(anonymous_44)
FNF:45
FNH:39
FNDA:6,(anonymous_0)
FNDA:6,(anonymous_1)
FNDA:5,(anonymous_2)
FNDA:4,(anonymous_3)
FNDA:8,(anonymous_4)
FNDA:8,(anonymous_5)
FNDA:3,(anonymous_6)
FNDA:6,(anonymous_7)
FNDA:40,(anonymous_8)
FNDA:0,(anonymous_9)
FNDA:0,(anonymous_10)
FNDA:0,(anonymous_11)
FNDA:1,(anonymous_12)
FNDA:3,(anonymous_13)
FNDA:1,(anonymous_14)
FNDA:2,(anonymous_15)
FNDA:2,(anonymous_16)
FNDA:1,(anonymous_17)
FNDA:2,(anonymous_18)
FNDA:2,(anonymous_19)
FNDA:1,(anonymous_20)
FNDA:2,(anonymous_21)
FNDA:2,(anonymous_22)
FNDA:3,(anonymous_23)
FNDA:1,(anonymous_24)
FNDA:2,(anonymous_25)
FNDA:1,(anonymous_26)
FNDA:2,(anonymous_27)
FNDA:1,(anonymous_28)
FNDA:2,(anonymous_29)
FNDA:1,(anonymous_30)
FNDA:1,(anonymous_31)
FNDA:1,(anonymous_32)
FNDA:2,(anonymous_33)
FNDA:2,(anonymous_34)
FNDA:1,(anonymous_35)
FNDA:2,(anonymous_36)
FNDA:9,(anonymous_37)
FNDA:0,(anonymous_38)
FNDA:7,(anonymous_39)
FNDA:0,(anonymous_40)
FNDA:4,(anonymous_41)
FNDA:8,(anonymous_42)
FNDA:8,(anonymous_43)
FNDA:0,(anonymous_44)
DA:10,6
DA:11,6
DA:18,6
DA:19,6
DA:20,5
DA:25,6
DA:30,6
DA:35,4
DA:36,4
DA:37,8
DA:38,8
DA:40,4
DA:41,8
DA:43,4
DA:51,6
DA:52,3
DA:53,3
DA:54,6
DA:55,6
DA:57,3
DA:66,40
DA:79,0
DA:81,0
DA:82,0
DA:83,1
DA:143,6
DA:144,3
DA:145,1
DA:146,1
DA:155,1
DA:156,1
DA:157,2
DA:158,2
DA:160,1
DA:161,2
DA:163,1
DA:171,2
DA:172,1
DA:173,1
DA:179,1
DA:180,1
DA:181,2
DA:182,2
DA:184,1
DA:185,2
DA:187,1
DA:195,1
DA:196,1
DA:197,1
DA:202,1
DA:203,1
DA:204,2
DA:205,2
DA:207,1
DA:208,2
DA:210,1
DA:220,6
DA:221,3
DA:222,1
DA:223,1
DA:224,1
DA:225,1
DA:226,2
DA:227,2
DA:229,1
DA:236,2
DA:237,1
DA:238,1
DA:239,1
DA:240,1
DA:241,2
DA:242,2
DA:244,1
DA:251,1
DA:252,1
DA:253,1
DA:254,1
DA:255,1
DA:256,2
DA:257,2
DA:259,1
DA:268,6
DA:269,1
DA:277,1
DA:282,1
DA:283,1
DA:284,2
DA:285,2
DA:287,1
DA:288,2
DA:290,1
DA:298,1
DA:299,1
DA:300,1
DA:301,2
DA:302,2
DA:304,1
DA:314,6
DA:315,9
DA:356,0
DA:364,6
DA:365,7
DA:400,0
DA:412,4
DA:414,8
DA:419,2
DA:421,8
DA:428,0
LF:108
LH:102
BRDA:87,0,0,6
BRDA:87,0,1,34
BRDA:90,1,0,6
BRDA:90,1,1,2
BRDA:101,2,0,6
BRDA:101,2,1,4
BRDA:115,3,0,34
BRDA:115,3,1,13
BRDA:126,4,0,34
BRDA:126,4,1,10
BRDA:144,5,0,1
BRDA:144,5,1,2
BRDA:171,6,0,1
BRDA:171,6,1,1
BRDA:195,7,0,1
BRDA:195,7,1,0
BRDA:221,8,0,1
BRDA:221,8,1,2
BRDA:236,9,0,1
BRDA:236,9,1,1
BRDA:251,10,0,1
BRDA:251,10,1,0
BRDA:271,11,0,1
BRDA:271,11,1,0
BRF:24
BRH:21
end_of_record
TN:
SF:C:\Users\Fabio Stabile\Desktop\Fabio\Università\Polito\2° anno\Software engineering 2\Progetto\team11-PULSeBS\clientbuild\client\src\Calendar.js
FN:9,(anonymous_0)
FN:25,(anonymous_1)
FN:29,(anonymous_2)
FN:32,(anonymous_3)
FN:37,(anonymous_4)
FN:49,(anonymous_5)
FN:97,(anonymous_6)
FN:103,(anonymous_7)
FNF:8
FNH:7
FNDA:8,(anonymous_0)
FNDA:1,(anonymous_1)
FNDA:2,(anonymous_2)
FNDA:2,(anonymous_3)
FNDA:45,(anonymous_4)
FNDA:0,(anonymous_5)
FNDA:3,(anonymous_6)
FNDA:1,(anonymous_7)
DA:10,8
DA:12,8
DA:25,8
DA:26,1
DA:29,8
DA:30,2
DA:31,2
DA:32,2
DA:33,2
DA:34,2
DA:38,45
DA:50,0
DA:97,8
DA:102,3
DA:103,1
DA:104,1
DA:109,3
DA:110,3
DA:111,3
DA:112,3
DA:113,3
DA:114,3
DA:115,3
DA:116,3
DA:117,3
DA:118,3
DA:119,3
DA:120,3
DA:121,3
LF:29
LH:28
BRDA:33,0,0,1
BRDA:33,0,1,1
BRDA:51,1,0,0
BRDA:51,1,1,0
BRDA:59,2,0,23
BRDA:59,2,1,22
BRDA:102,3,0,1
BRDA:102,3,1,2
BRF:8
BRH:6
end_of_record
TN:
SF:C:\Users\Fabio Stabile\Desktop\Fabio\Università\Polito\2° anno\Software engineering 2\Progetto\team11-PULSeBS\clientbuild\client\src\ContactTracingPage.js
FN:9,(anonymous_0)
FN:15,(anonymous_1)
FN:38,(anonymous_2)
FN:52,(anonymous_3)
FN:73,(anonymous_4)
FN:82,(anonymous_5)
FN:84,(anonymous_6)
FN:91,(anonymous_7)
FN:95,(anonymous_8)
FN:96,(anonymous_9)
FN:107,(anonymous_10)
FN:113,(anonymous_11)
FN:118,(anonymous_12)
FN:131,(anonymous_13)
FN:133,(anonymous_14)
FN:135,(anonymous_15)
FNF:16
FNH:16
FNDA:7,(anonymous_0)
FNDA:22,(anonymous_1)
FNDA:1,(anonymous_2)
FNDA:1,(anonymous_3)
FNDA:8,(anonymous_4)
FNDA:7,(anonymous_5)
FNDA:6,(anonymous_6)
FNDA:1,(anonymous_7)
FNDA:1,(anonymous_8)
FNDA:3,(anonymous_9)
FNDA:9,(anonymous_10)
FNDA:1,(anonymous_11)
FNDA:11,(anonymous_12)
FNDA:4,(anonymous_13)
FNDA:4,(anonymous_14)
FNDA:9,(anonymous_15)
DA:10,7
DA:12,7
DA:16,22
DA:38,1
DA:52,1
DA:73,8
DA:82,7
DA:83,7
DA:85,6
DA:91,7
DA:92,1
DA:93,1
DA:94,1
DA:95,1
DA:96,1
DA:97,3
DA:99,1
DA:100,1
DA:101,1
DA:102,1
DA:103,1
DA:107,7
DA:108,9
DA:113,1
DA:118,7
DA:119,11
DA:122,11
DA:123,15
DA:124,5
DA:128,11
DA:131,7
DA:132,4
DA:133,4
DA:135,9
DA:136,4
LF:35
LH:35
BRDA:27,0,0,6
BRDA:27,0,1,16
BRDA:31,1,0,22
BRDA:31,1,1,3
BRDA:31,1,2,2
BRDA:45,2,0,22
BRDA:45,2,1,3
BRDA:45,2,2,1
BRDA:72,3,0,22
BRDA:72,3,1,3
BRDA:72,3,2,20
BRDA:123,4,0,5
BRDA:123,4,1,10
BRF:13
BRH:13
end_of_record
TN:
SF:C:\Users\Fabio Stabile\Desktop\Fabio\Università\Polito\2° anno\Software engineering 2\Progetto\team11-PULSeBS\clientbuild\client\src\LoginForm.js
FN:7,(anonymous_0)
FN:12,(anonymous_1)
FN:16,(anonymous_2)
FN:17,(anonymous_3)
FN:26,(anonymous_4)
FN:32,(anonymous_5)
FN:41,(anonymous_6)
FN:45,(anonymous_7)
FN:58,(anonymous_8)
FN:66,(anonymous_9)
FN:76,(anonymous_10)
FNF:11
FNH:11
FNDA:13,(anonymous_0)
FNDA:4,(anonymous_1)
FNDA:4,(anonymous_2)
FNDA:2,(anonymous_3)
FNDA:1,(anonymous_4)
FNDA:2,(anonymous_5)
FNDA:1,(anonymous_6)
FNDA:28,(anonymous_7)
FNDA:16,(anonymous_8)
FNDA:2,(anonymous_9)
FNDA:2,(anonymous_10)
DA:8,13
DA:10,13
DA:12,13
DA:13,4
DA:16,13
DA:17,4
DA:18,2
DA:19,1
DA:20,1
DA:21,1
DA:23,1
DA:27,1
DA:32,13
DA:33,2
DA:34,2
DA:35,1
DA:37,1
DA:41,13
DA:42,1
DA:46,28
DA:48,1
DA:49,27
DA:50,1
DA:51,26
DA:52,1
DA:53,25
DA:54,1
DA:56,24
DA:58,16
DA:66,2
DA:76,2
LF:31
LH:31
BRDA:18,0,0,1
BRDA:18,0,1,1
BRDA:34,1,0,1
BRDA:34,1,1,1
BRDA:46,2,0,1
BRDA:46,2,1,27
BRDA:46,3,0,28
BRDA:46,3,1,10
BRDA:49,4,0,1
BRDA:49,4,1,26
BRDA:49,5,0,27
BRDA:49,5,1,9
BRDA:51,6,0,1
BRDA:51,6,1,25
BRDA:51,7,0,26
BRDA:51,7,1,8
BRDA:53,8,0,1
BRDA:53,8,1,24
BRDA:53,9,0,25
BRDA:53,9,1,7
BRF:20
BRH:20
end_of_record
TN:
SF:C:\Users\Fabio Stabile\Desktop\Fabio\Università\Polito\2° anno\Software engineering 2\Progetto\team11-PULSeBS\clientbuild\client\src\ModalStudent.js
FN:7,(anonymous_0)
FN:12,(anonymous_1)
FN:35,(anonymous_2)
FN:36,(anonymous_3)
FN:46,(anonymous_4)
FN:69,(anonymous_5)
FN:70,(anonymous_6)
FN:80,(anonymous_7)
FN:101,(anonymous_8)
FN:102,(anonymous_9)
FN:108,(anonymous_10)
FN:109,(anonymous_11)
FNF:12
FNH:12
FNDA:17,(anonymous_0)
FNDA:1,(anonymous_1)
FNDA:1,(anonymous_2)
FNDA:1,(anonymous_3)
FNDA:1,(anonymous_4)
FNDA:1,(anonymous_5)
FNDA:1,(anonymous_6)
FNDA:1,(anonymous_7)
FNDA:1,(anonymous_8)
FNDA:1,(anonymous_9)
FNDA:1,(anonymous_10)
FNDA:1,(anonymous_11)
DA:8,17
DA:9,4
DA:12,1
DA:35,1
DA:36,1
DA:42,13
DA:43,3
DA:46,1
DA:69,1
DA:70,1
DA:76,10
DA:77,8
DA:80,1
DA:101,1
DA:102,1
DA:108,1
DA:109,1
DA:118,2
LF:18
LH:18
BRDA:8,0,0,4
BRDA:8,0,1,13
BRDA:8,1,0,17
BRDA:8,1,1,15
BRDA:42,2,0,3
BRDA:42,2,1,10
BRDA:42,3,0,13
BRDA:42,3,1,11
BRDA:76,4,0,8
BRDA:76,4,1,2
BRDA:99,5,0,3
BRDA:99,5,1,5
BRF:12
BRH:12
end_of_record
TN:
SF:C:\Users\Fabio Stabile\Desktop\Fabio\Università\Polito\2° anno\Software engineering 2\Progetto\team11-PULSeBS\clientbuild\client\src\ModalTeacher.js
FN:14,(anonymous_0)
FN:19,(anonymous_1)
FN:62,(anonymous_2)
FN:82,(anonymous_3)
FN:113,(anonymous_4)
FN:129,(anonymous_5)
FN:141,StudentRow
FN:145,(anonymous_7)
FNF:8
FNH:7
FNDA:11,(anonymous_0)
FNDA:1,(anonymous_1)
FNDA:1,(anonymous_2)
FNDA:1,(anonymous_3)
FNDA:2,(anonymous_4)
FNDA:1,(anonymous_5)
FNDA:2,StudentRow
FNDA:0,(anonymous_7)
DA:15,11
DA:16,8
DA:19,1
DA:62,1
DA:82,1
DA:113,2
DA:129,1
DA:136,3
DA:142,2
DA:145,0
LF:10
LH:9
BRDA:15,0,0,8
BRDA:15,0,1,3
BRDA:38,1,0,7
BRDA:38,1,1,1
BRDA:48,2,0,7
BRDA:48,2,1,1
BRDA:51,3,0,1
BRDA:51,3,1,6
BRDA:71,4,0,1
BRDA:71,4,1,7
BRDA:87,5,0,7
BRDA:87,5,1,1
BRDA:89,6,0,6
BRDA:89,6,1,1
BRDA:145,7,0,1
BRDA:145,7,1,1
BRF:16
BRH:16
end_of_record
TN:
SF:C:\Users\Fabio Stabile\Desktop\Fabio\Università\Polito\2° anno\Software engineering 2\Progetto\team11-PULSeBS\clientbuild\client\src\StudentCalendarPage.js
FN:7,(anonymous_0)
FN:13,(anonymous_1)
FNF:2
FNH:2
FNDA:1,(anonymous_0)
FNDA:1,(anonymous_1)
DA:8,1
DA:10,1
DA:14,1
LF:3
LH:3
BRF:0
BRH:0
end_of_record
TN:
SF:C:\Users\Fabio Stabile\Desktop\Fabio\Università\Polito\2° anno\Software engineering 2\Progetto\team11-PULSeBS\clientbuild\client\src\TeacherCalendarPage.js
FN:7,(anonymous_0)
FN:12,(anonymous_1)
FNF:2
FNH:2
FNDA:1,(anonymous_0)
FNDA:1,(anonymous_1)
DA:8,1
DA:9,1
DA:13,1
LF:3
LH:3
BRF:0
BRH:0
end_of_record
TN:
SF:C:\Users\Fabio Stabile\Desktop\Fabio\Università\Polito\2° anno\Software engineering 2\Progetto\team11-PULSeBS\clientbuild\client\src\TeacherDataSelectionList.js
FN:5,(anonymous_0)
FN:8,(anonymous_1)
FN:13,(anonymous_2)
FN:19,(anonymous_3)
FNF:4
FNH:4
FNDA:6,(anonymous_0)
FNDA:12,(anonymous_1)
FNDA:12,(anonymous_2)
FNDA:1,(anonymous_3)
DA:6,6
DA:8,12
DA:13,6
DA:14,12
DA:19,1
LF:5
LH:5
BRF:0
BRH:0
end_of_record
TN:
SF:C:\Users\Fabio Stabile\Desktop\Fabio\Università\Polito\2° anno\Software engineering 2\Progetto\team11-PULSeBS\clientbuild\client\src\TeacherHistoricalDataPage.js
FN:9,(anonymous_0)
FN:22,(anonymous_1)
FN:40,(anonymous_2)
FN:49,(anonymous_3)
FN:53,(anonymous_4)
FN:55,(anonymous_5)
FN:56,(anonymous_6)
FN:60,(anonymous_7)
FN:66,(anonymous_8)
FN:68,(anonymous_9)
FN:74,(anonymous_10)
FN:75,(anonymous_11)
FN:76,(anonymous_12)
FN:77,(anonymous_13)
FN:88,(anonymous_14)
FN:94,(anonymous_15)
FN:100,(anonymous_16)
FN:101,(anonymous_17)
FN:102,(anonymous_18)
FN:103,(anonymous_19)
FN:114,(anonymous_20)
FN:120,(anonymous_21)
FN:126,(anonymous_22)
FN:127,(anonymous_23)
FN:128,(anonymous_24)
FN:129,(anonymous_25)
FN:140,(anonymous_26)
FN:147,(anonymous_27)
FN:148,(anonymous_28)
FN:153,(anonymous_29)
FN:154,(anonymous_30)
FN:159,(anonymous_31)
FN:198,(anonymous_32)
FN:208,(anonymous_33)
FNF:34
FNH:32
FNDA:8,(anonymous_0)
FNDA:35,(anonymous_1)
FNDA:23,(anonymous_2)
FNDA:8,(anonymous_3)
FNDA:10,(anonymous_4)
FNDA:6,(anonymous_5)
FNDA:6,(anonymous_6)
FNDA:1,(anonymous_7)
FNDA:11,(anonymous_8)
FNDA:7,(anonymous_9)
FNDA:2,(anonymous_10)
FNDA:4,(anonymous_11)
FNDA:4,(anonymous_12)
FNDA:4,(anonymous_13)
FNDA:5,(anonymous_14)
FNDA:2,(anonymous_15)
FNDA:1,(anonymous_16)
FNDA:2,(anonymous_17)
FNDA:2,(anonymous_18)
FNDA:2,(anonymous_19)
FNDA:1,(anonymous_20)
FNDA:2,(anonymous_21)
FNDA:1,(anonymous_22)
FNDA:2,(anonymous_23)
FNDA:2,(anonymous_24)
FNDA:2,(anonymous_25)
FNDA:1,(anonymous_26)
FNDA:1,(anonymous_27)
FNDA:1,(anonymous_28)
FNDA:1,(anonymous_29)
FNDA:1,(anonymous_30)
FNDA:1,(anonymous_31)
FNDA:0,(anonymous_32)
FNDA:0,(anonymous_33)
DA:10,8
DA:12,8
DA:23,35
DA:40,23
DA:49,8
DA:50,8
DA:53,8
DA:54,10
DA:56,6
DA:57,6
DA:61,1
DA:62,1
DA:66,8
DA:67,11
DA:68,7
DA:70,7
DA:75,4
DA:76,4
DA:77,4
DA:79,2
DA:89,5
DA:90,5
DA:93,4
DA:94,2
DA:96,2
DA:101,2
DA:102,2
DA:103,2
DA:105,1
DA:115,1
DA:116,1
DA:119,2
DA:120,2
DA:122,2
DA:127,2
DA:128,2
DA:129,2
DA:131,1
DA:141,1
DA:142,1
DA:147,8
DA:148,1
DA:149,1
DA:153,8
DA:154,1
DA:155,1
DA:159,8
DA:160,1
DA:199,0
DA:209,0
LF:50
LH:48
BRDA:34,0,0,35
BRDA:34,0,1,2
BRDA:67,1,0,7
BRDA:67,1,1,4
BRDA:93,2,0,2
BRDA:93,2,1,2
BRDA:119,3,0,2
BRDA:119,3,1,0
BRF:8
BRH:7
end_of_record
TN:
SF:C:\Users\Fabio Stabile\Desktop\Fabio\Università\Polito\2° anno\Software engineering 2\Progetto\team11-PULSeBS\clientbuild\client\src\TeacherNavigationButton.js
FN:5,(anonymous_0)
FN:11,(anonymous_1)
FN:29,(anonymous_2)
FNF:3
FNH:3
FNDA:3,(anonymous_0)
FNDA:4,(anonymous_1)
FNDA:1,(anonymous_2)
DA:6,3
DA:8,3
DA:12,4
DA:29,3
DA:30,1
LF:5
LH:5
BRDA:14,0,0,4
BRDA:14,0,1,3
BRDA:21,1,0,4
BRDA:21,1,1,1
BRF:4
BRH:4
end_of_record
TN:
SF:C:\Users\Fabio Stabile\Desktop\Fabio\Università\Polito\2° anno\Software engineering 2\Progetto\team11-PULSeBS\clientbuild\client\src\TopBar.js
FN:9,(anonymous_0)
FN:32,(anonymous_1)
FN:49,(anonymous_2)
FN:54,(anonymous_3)
FN:70,(anonymous_4)
FNF:5
FNH:5
FNDA:11,(anonymous_0)
FNDA:1,(anonymous_1)
FNDA:11,(anonymous_2)
FNDA:3,(anonymous_3)
FNDA:3,(anonymous_4)
DA:10,11
DA:32,1
DA:49,2
DA:50,11
DA:51,11
DA:52,11
DA:54,11
DA:55,3
DA:57,2
DA:58,1
DA:60,2
DA:62,0
DA:64,1
DA:68,11
DA:70,3
LF:15
LH:14
BRDA:12,0,0,3
BRDA:12,0,1,8
BRDA:17,1,0,6
BRDA:17,1,1,2
BRDA:23,2,0,8
BRDA:23,2,1,1
BRDA:28,3,0,8
BRDA:28,3,1,1
BRDA:55,4,0,2
BRDA:55,4,1,0
BRDA:55,4,2,1
BRDA:57,5,0,1
BRDA:57,5,1,1
BRF:13
BRH:12
end_of_record
TN:
SF:C:\Users\Fabio Stabile\Desktop\Fabio\Università\Polito\2° anno\Software engineering 2\Progetto\team11-PULSeBS\clientbuild\client\src\index.js
FNF:0
FNH:0
DA:7,0
DA:17,0
LF:2
LH:0
BRF:0
BRH:0
end_of_record
TN:
SF:C:\Users\Fabio Stabile\Desktop\Fabio\Università\Polito\2° anno\Software engineering 2\Progetto\team11-PULSeBS\clientbuild\client\src\reportWebVitals.js
FN:1,(anonymous_0)
FN:3,(anonymous_1)
FNF:2
FNH:0
FNDA:0,(anonymous_0)
FNDA:0,(anonymous_1)
DA:1,0
DA:2,0
DA:3,0
DA:4,0
DA:5,0
DA:6,0
DA:7,0
DA:8,0
LF:8
LH:0
BRDA:2,0,0,0
BRDA:2,0,1,0
BRDA:2,1,0,0
BRDA:2,1,1,0
BRF:4
BRH:0
end_of_record
TN:
SF:C:\Users\Fabio Stabile\Desktop\Fabio\Università\Polito\2° anno\Software engineering 2\Progetto\team11-PULSeBS\clientbuild\client\src\SupportOfficer\BookableLecturesPage.js
FN:8,(anonymous_0)
FN:14,(anonymous_1)
FN:18,(anonymous_2)
FN:21,(anonymous_3)
FN:24,(anonymous_4)
FN:29,(anonymous_5)
FN:32,(anonymous_6)
FN:35,(anonymous_7)
FN:41,(anonymous_8)
FNF:9
FNH:9
FNDA:4,(anonymous_0)
FNDA:1,(anonymous_1)
FNDA:2,(anonymous_2)
FNDA:1,(anonymous_3)
FNDA:1,(anonymous_4)
FNDA:2,(anonymous_5)
FNDA:1,(anonymous_6)
FNDA:1,(anonymous_7)
FNDA:9,(anonymous_8)
DA:9,4
DA:11,4
DA:15,1
DA:19,2
DA:20,2
DA:22,1
DA:25,1
DA:26,1
DA:30,2
DA:31,2
DA:33,1
DA:36,1
DA:37,1
DA:42,9
LF:14
LH:14
BRDA:60,0,0,2
BRDA:60,0,1,7
BRDA:65,1,0,2
BRDA:65,1,1,7
BRF:4
BRH:4
end_of_record
TN:
SF:C:\Users\Fabio Stabile\Desktop\Fabio\Università\Polito\2° anno\Software engineering 2\Progetto\team11-PULSeBS\clientbuild\client\src\SupportOfficer\CourseUpdateSchedulePage.js
FN:10,(anonymous_0)
FN:23,(anonymous_1)
FN:49,(anonymous_2)
FN:62,(anonymous_3)
FN:90,(anonymous_4)
FN:102,(anonymous_5)
FN:106,(anonymous_6)
FN:108,(anonymous_7)
FN:124,(anonymous_8)
FN:129,(anonymous_9)
FN:132,(anonymous_10)
FN:136,(anonymous_11)
FN:142,(anonymous_12)
FN:148,(anonymous_13)
FN:168,(anonymous_14)
FN:172,(anonymous_15)
FN:181,(anonymous_16)
FNF:17
FNH:14
FNDA:8,(anonymous_0)
FNDA:14,(anonymous_1)
FNDA:0,(anonymous_2)
FNDA:0,(anonymous_3)
FNDA:0,(anonymous_4)
FNDA:1,(anonymous_5)
FNDA:3,(anonymous_6)
FNDA:1,(anonymous_7)
FNDA:1,(anonymous_8)
FNDA:8,(anonymous_9)
FNDA:7,(anonymous_10)
FNDA:1,(anonymous_11)
FNDA:1,(anonymous_12)
FNDA:1,(anonymous_13)
FNDA:1,(anonymous_14)
FNDA:1,(anonymous_15)
FNDA:1,(anonymous_16)
DA:11,8
DA:13,8
DA:25,14
DA:26,12
DA:29,2
DA:50,0
DA:62,0
DA:90,0
DA:102,8
DA:103,1
DA:106,8
DA:107,3
DA:110,1
DA:112,1
DA:113,1
DA:122,1
DA:125,1
DA:129,8
DA:131,8
DA:134,7
DA:135,14
DA:136,1
DA:137,1
DA:143,1
DA:148,8
DA:149,1
DA:150,1
DA:151,1
DA:152,1
DA:153,1
DA:157,1
DA:168,8
DA:169,1
DA:172,8
DA:176,1
DA:177,1
DA:181,8
DA:182,1
DA:183,1
DA:185,1
LF:40
LH:37
BRDA:25,0,0,12
BRDA:25,0,1,2
BRDA:51,1,0,0
BRDA:51,1,1,0
BRDA:135,2,0,1
BRDA:135,2,1,13
BRF:6
BRH:4
end_of_record
TN:
SF:C:\Users\Fabio Stabile\Desktop\Fabio\Università\Polito\2° anno\Software engineering 2\Progetto\team11-PULSeBS\clientbuild\client\src\SupportOfficer\Dropzone.js
FN:8,(anonymous_0)
FN:23,(anonymous_1)
FN:28,(anonymous_2)
FN:40,(anonymous_3)
FN:46,(anonymous_4)
FN:50,(anonymous_5)
FN:67,(anonymous_6)
FNF:7
FNH:7
FNDA:15,(anonymous_0)
FNDA:2,(anonymous_1)
FNDA:4,(anonymous_2)
FNDA:2,(anonymous_3)
FNDA:1,(anonymous_4)
FNDA:5,(anonymous_5)
FNDA:21,(anonymous_6)
DA:9,15
DA:10,15
DA:14,15
DA:16,15
DA:17,15
DA:18,15
DA:19,15
DA:20,15
DA:24,2
DA:25,1
DA:29,4
DA:30,3
DA:31,2
DA:32,2
DA:33,1
DA:34,1
DA:35,0
DA:41,2
DA:42,2
DA:43,1
DA:47,1
DA:51,5
DA:52,5
DA:53,4
DA:54,3
DA:55,3
DA:56,2
DA:57,1
DA:59,2
DA:61,1
DA:64,4
DA:68,21
LF:32
LH:31
BRDA:24,0,0,1
BRDA:24,0,1,1
BRDA:29,1,0,1
BRDA:29,1,1,3
BRDA:30,2,0,2
BRDA:30,2,1,1
BRDA:32,3,0,1
BRDA:32,3,1,1
BRDA:34,4,0,0
BRDA:34,4,1,1
BRDA:42,5,0,1
BRDA:42,5,1,1
BRDA:52,6,0,1
BRDA:52,6,1,4
BRDA:53,7,0,3
BRDA:53,7,1,1
BRDA:55,8,0,2
BRDA:55,8,1,1
BRDA:56,9,0,1
BRDA:56,9,1,1
BRDA:70,10,0,1
BRDA:70,10,1,20
BRDA:75,11,0,5
BRDA:75,11,1,16
BRDA:86,12,0,20
BRDA:86,12,1,1
BRDA:91,13,0,1
BRDA:91,13,1,20
BRDA:93,14,0,20
BRDA:93,14,1,1
BRDA:93,15,0,1
BRDA:93,15,1,19
BRF:32
BRH:31
end_of_record
TN:
SF:C:\Users\Fabio Stabile\Desktop\Fabio\Università\Polito\2° anno\Software engineering 2\Progetto\team11-PULSeBS\clientbuild\client\src\SupportOfficer\ModalNewSchedule.js
FN:8,(anonymous_0)
FN:22,(anonymous_1)
FN:25,(anonymous_2)
FN:52,(anonymous_3)
FN:52,(anonymous_4)
FN:102,(anonymous_5)
FN:102,(anonymous_6)
FN:122,(anonymous_7)
FN:123,(anonymous_8)
FN:128,(anonymous_9)
FN:132,(anonymous_10)
FN:143,(anonymous_11)
FN:147,(anonymous_12)
FN:156,(anonymous_13)
FN:160,(anonymous_14)
FN:173,(anonymous_15)
FN:176,(anonymous_16)
FN:182,(anonymous_17)
FN:214,(anonymous_18)
FN:218,(anonymous_19)
FN:226,(anonymous_20)
FN:230,(anonymous_21)
FN:234,(anonymous_22)
FNF:23
FNH:19
FNDA:14,(anonymous_0)
FNDA:47,(anonymous_1)
FNDA:1,(anonymous_2)
FNDA:235,(anonymous_3)
FNDA:1,(anonymous_4)
FNDA:16,(anonymous_5)
FNDA:1,(anonymous_6)
FNDA:14,(anonymous_7)
FNDA:14,(anonymous_8)
FNDA:48,(anonymous_9)
FNDA:2,(anonymous_10)
FNDA:51,(anonymous_11)
FNDA:1,(anonymous_12)
FNDA:49,(anonymous_13)
FNDA:0,(anonymous_14)
FNDA:0,(anonymous_15)
FNDA:0,(anonymous_16)
FNDA:0,(anonymous_17)
FNDA:1,(anonymous_18)
FNDA:2,(anonymous_19)
FNDA:1,(anonymous_20)
FNDA:1,(anonymous_21)
FNDA:1,(anonymous_22)
DA:9,14
DA:11,14
DA:24,47
DA:25,1
DA:52,235
DA:102,16
DA:122,14
DA:123,14
DA:124,14
DA:128,14
DA:129,48
DA:132,14
DA:133,2
DA:140,2
DA:143,14
DA:144,51
DA:147,14
DA:149,1
DA:150,1
DA:151,1
DA:156,14
DA:157,49
DA:160,14
DA:162,0
DA:172,0
DA:174,0
DA:177,0
DA:178,0
DA:182,14
DA:184,0
DA:185,0
DA:186,0
DA:187,0
DA:188,0
DA:190,0
DA:191,0
DA:192,0
DA:193,0
DA:201,0
DA:202,0
DA:205,0
DA:209,0
DA:211,0
DA:214,14
DA:215,1
DA:218,14
DA:219,2
DA:220,1
DA:223,1
DA:226,14
DA:227,1
DA:230,14
DA:231,1
DA:234,14
DA:235,1
LF:55
LH:36
BRDA:48,0,0,38
BRDA:48,0,1,9
BRDA:98,1,0,41
BRDA:98,1,1,6
BRDA:144,2,0,51
BRDA:144,2,1,11
BRDA:144,2,2,3
BRDA:150,3,0,1
BRDA:150,3,1,0
BRDA:186,4,0,0
BRDA:186,4,1,0
BRDA:219,5,0,1
BRDA:219,5,1,1
BRF:13
BRH:10
end_of_record
TN:
SF:C:\Users\Fabio Stabile\Desktop\Fabio\Università\Polito\2° anno\Software engineering 2\Progetto\team11-PULSeBS\clientbuild\client\src\SupportOfficer\SetupResultModal.js
FN:6,(anonymous_0)
FNF:1
FNH:1
FNDA:1,(anonymous_0)
DA:7,1
LF:1
LH:1
BRDA:9,0,0,1
BRDA:9,0,1,0
BRDA:10,1,0,1
BRDA:10,1,1,1
BRF:4
BRH:3
end_of_record
TN:
SF:C:\Users\Fabio Stabile\Desktop\Fabio\Università\Polito\2° anno\Software engineering 2\Progetto\team11-PULSeBS\clientbuild\client\src\SupportOfficer\SupportOfficerPage.js
FN:8,(anonymous_0)
FN:23,(anonymous_1)
FN:27,(anonymous_2)
FN:35,(anonymous_3)
FN:43,(anonymous_4)
FN:47,(anonymous_5)
FN:48,(anonymous_6)
FN:51,(anonymous_7)
FN:72,(anonymous_8)
FNF:9
FNH:6
FNDA:2,(anonymous_0)
FNDA:2,(anonymous_1)
FNDA:3,(anonymous_2)
FNDA:10,(anonymous_3)
FNDA:7,(anonymous_4)
FNDA:0,(anonymous_5)
FNDA:0,(anonymous_6)
FNDA:7,(anonymous_7)
FNDA:0,(anonymous_8)
DA:9,2
DA:10,2
DA:23,2
DA:28,3
DA:35,10
DA:43,2
DA:45,7
DA:46,7
DA:47,7
DA:48,7
DA:49,7
DA:51,7
DA:52,7
DA:54,2
DA:56,2
DA:58,2
DA:60,1
DA:65,7
DA:72,0
LF:19
LH:18
BRDA:52,0,0,2
BRDA:52,0,1,2
BRDA:52,0,2,2
BRDA:52,0,3,1
BRDA:68,1,0,0
BRDA:68,1,1,7
BRF:6
BRH:5
end_of_record
TN:
SF:C:\Users\Fabio Stabile\Desktop\Fabio\Università\Polito\2° anno\Software engineering 2\Progetto\team11-PULSeBS\clientbuild\client\src\SupportOfficer\SupportOfficerSchedulePage.js
FN:7,(anonymous_0)
FN:14,(anonymous_1)
FN:39,(anonymous_2)
FN:49,(anonymous_3)
FN:50,(anonymous_4)
FN:59,(anonymous_5)
FN:66,(anonymous_6)
FN:74,(anonymous_7)
FN:78,(anonymous_8)
FN:91,(anonymous_9)
FN:104,(anonymous_10)
FN:117,(anonymous_11)
FN:119,(anonymous_12)
FN:122,(anonymous_13)
FNF:14
FNH:13
FNDA:7,(anonymous_0)
FNDA:15,(anonymous_1)
FNDA:8,(anonymous_2)
FNDA:6,(anonymous_3)
FNDA:6,(anonymous_4)
FNDA:8,(anonymous_5)
FNDA:1,(anonymous_6)
FNDA:0,(anonymous_7)
FNDA:2,(anonymous_8)
FNDA:2,(anonymous_9)
FNDA:2,(anonymous_10)
FNDA:2,(anonymous_11)
FNDA:4,(anonymous_12)
FNDA:2,(anonymous_13)
DA:8,7
DA:10,6
DA:15,15
DA:39,8
DA:49,6
DA:50,6
DA:51,6
DA:59,6
DA:60,8
DA:66,1
DA:74,6
DA:78,6
DA:79,2
DA:82,2
DA:83,4
DA:84,1
DA:88,2
DA:91,6
DA:92,2
DA:95,2
DA:96,4
DA:97,1
DA:101,2
DA:104,6
DA:105,2
DA:108,2
DA:109,4
DA:110,1
DA:114,2
DA:117,6
DA:118,2
DA:119,4
DA:121,2
DA:122,2
DA:124,2
LF:35
LH:35
BRDA:83,0,0,1
BRDA:83,0,1,3
BRDA:96,1,0,1
BRDA:96,1,1,3
BRDA:109,2,0,1
BRDA:109,2,1,3
BRDA:122,3,0,2
BRDA:122,3,1,1
BRDA:122,3,2,1
BRF:9
BRH:9
end_of_record
TN:
SF:C:\Users\Fabio Stabile\Desktop\Fabio\Università\Polito\2° anno\Software engineering 2\Progetto\team11-PULSeBS\clientbuild\client\src\SupportOfficer\SupportOfficerSetupPage.js
FN:11,(anonymous_0)
FN:32,(anonymous_1)
FN:35,(anonymous_2)
FN:36,(anonymous_3)
FN:38,(anonymous_4)
FN:48,(anonymous_5)
FN:73,(anonymous_6)
FN:75,(anonymous_7)
FN:77,(anonymous_8)
FN:82,(anonymous_9)
FN:86,(anonymous_10)
FN:96,(anonymous_11)
FN:98,(anonymous_12)
FN:100,(anonymous_13)
FN:105,(anonymous_14)
FN:109,(anonymous_15)
FN:119,(anonymous_16)
FN:121,(anonymous_17)
FN:123,(anonymous_18)
FN:128,(anonymous_19)
FN:132,(anonymous_20)
FN:142,(anonymous_21)
FN:144,(anonymous_22)
FN:146,(anonymous_23)
FN:150,(anonymous_24)
FN:154,(anonymous_25)
FN:164,(anonymous_26)
FN:166,(anonymous_27)
FN:168,(anonymous_28)
FN:172,(anonymous_29)
FN:176,(anonymous_30)
FN:186,(anonymous_31)
FN:208,(anonymous_32)
FN:209,(anonymous_33)
FN:215,(anonymous_34)
FN:221,(anonymous_35)
FN:240,(anonymous_36)
FN:244,(anonymous_37)
FN:254,(anonymous_38)
FN:258,(anonymous_39)
FN:262,(anonymous_40)
FN:304,(anonymous_41)
FNF:42
FNH:42
FNDA:14,(anonymous_0)
FNDA:14,(anonymous_1)
FNDA:10,(anonymous_2)
FNDA:10,(anonymous_3)
FNDA:10,(anonymous_4)
FNDA:2,(anonymous_5)
FNDA:2,(anonymous_6)
FNDA:2,(anonymous_7)
FNDA:2,(anonymous_8)
FNDA:1,(anonymous_9)
FNDA:1,(anonymous_10)
FNDA:2,(anonymous_11)
FNDA:2,(anonymous_12)
FNDA:2,(anonymous_13)
FNDA:1,(anonymous_14)
FNDA:1,(anonymous_15)
FNDA:2,(anonymous_16)
FNDA:2,(anonymous_17)
FNDA:2,(anonymous_18)
FNDA:1,(anonymous_19)
FNDA:1,(anonymous_20)
FNDA:2,(anonymous_21)
FNDA:2,(anonymous_22)
FNDA:2,(anonymous_23)
FNDA:1,(anonymous_24)
FNDA:1,(anonymous_25)
FNDA:2,(anonymous_26)
FNDA:2,(anonymous_27)
FNDA:2,(anonymous_28)
FNDA:1,(anonymous_29)
FNDA:1,(anonymous_30)
FNDA:11,(anonymous_31)
FNDA:1,(anonymous_32)
FNDA:1,(anonymous_33)
FNDA:1,(anonymous_34)
FNDA:343,(anonymous_35)
FNDA:3,(anonymous_36)
FNDA:2,(anonymous_37)
FNDA:1,(anonymous_38)
FNDA:56,(anonymous_39)
FNDA:336,(anonymous_40)
FNDA:9,(anonymous_41)
DA:12,14
DA:13,14
DA:25,14
DA:26,14
DA:27,14
DA:32,14
DA:36,10
DA:40,10
DA:42,1
DA:45,10
DA:48,14
DA:49,2
DA:51,2
DA:52,2
DA:53,2
DA:54,2
DA:55,2
DA:56,2
DA:57,2
DA:58,2
DA:59,2
DA:60,2
DA:61,1
DA:63,1
DA:64,1
DA:67,1
DA:68,1
DA:69,1
DA:73,14
DA:75,2
DA:76,2
DA:79,2
DA:81,2
DA:83,1
DA:84,1
DA:87,1
DA:88,1
DA:89,1
DA:96,14
DA:98,2
DA:99,2
DA:102,2
DA:104,2
DA:106,1
DA:107,1
DA:110,1
DA:111,1
DA:112,1
DA:119,14
DA:121,2
DA:122,2
DA:125,2
DA:127,2
DA:129,1
DA:130,1
DA:133,1
DA:134,1
DA:135,1
DA:142,14
DA:144,2
DA:145,2
DA:148,2
DA:149,2
DA:151,1
DA:152,1
DA:155,1
DA:156,1
DA:157,1
DA:164,14
DA:166,2
DA:167,2
DA:170,2
DA:171,2
DA:173,1
DA:174,1
DA:177,1
DA:178,1
DA:179,1
DA:186,14
DA:188,11
DA:190,11
DA:192,11
DA:197,11
DA:198,2
DA:199,2
DA:200,4
DA:202,2
DA:205,11
DA:209,1
DA:212,1
DA:216,1
DA:222,343
DA:224,57
DA:226,57
DA:228,57
DA:230,57
DA:232,57
DA:234,57
DA:236,1
DA:240,14
DA:241,3
DA:243,3
DA:244,3
DA:245,3
DA:246,1
DA:248,2
DA:249,2
DA:250,2
DA:254,14
DA:255,1
DA:259,56
DA:263,336
DA:305,9
LF:113
LH:113
BRDA:40,0,0,1
BRDA:40,0,1,9
BRDA:222,1,0,57
BRDA:222,1,1,57
BRDA:222,1,2,57
BRDA:222,1,3,57
BRDA:222,1,4,57
BRDA:222,1,5,57
BRDA:222,1,6,1
BRDA:245,2,0,1
BRDA:245,2,1,2
BRDA:279,3,0,336
BRDA:279,3,1,312
BRDA:283,4,0,12
BRDA:283,4,1,324
BRDA:311,5,0,45
BRDA:311,5,1,11
BRF:17
BRH:17
end_of_record
