TN:
SF:C:\Users\Fabio Stabile\Desktop\Fabio\Università\Polito\2° anno\Software engineering 2\Progetto\team11-PULSeBS\clientBuild\client\src\API.js
FN:1,userLogin
FN:2,(anonymous_1)
FN:10,(anonymous_2)
FN:11,(anonymous_3)
FN:21,(anonymous_4)
FN:22,(anonymous_5)
FN:26,logout
FN:27,(anonymous_7)
FN:29,(anonymous_8)
FN:37,(anonymous_9)
FN:44,getBookableStudentLectures
FN:60,getBooking
FN:73,getStudentBookings
FN:89,bookASeat
FN:119,getTeacherLectures
FN:131,deleteBooking
FN:133,(anonymous_16)
FN:142,(anonymous_17)
FN:148,(anonymous_18)
FNF:19
FNH:8
FNDA:4,userLogin
FNDA:4,(anonymous_1)
FNDA:4,(anonymous_2)
FNDA:4,(anonymous_3)
FNDA:0,(anonymous_4)
FNDA:0,(anonymous_5)
FNDA:0,logout
FNDA:0,(anonymous_7)
FNDA:0,(anonymous_8)
FNDA:0,(anonymous_9)
FNDA:1,getBookableStudentLectures
FNDA:1,getBooking
FNDA:1,getStudentBookings
FNDA:0,bookASeat
FNDA:1,getTeacherLectures
FNDA:0,deleteBooking
FNDA:0,(anonymous_16)
FNDA:0,(anonymous_17)
FNDA:0,(anonymous_18)
DA:2,4
DA:3,4
DA:11,4
DA:19,4
DA:21,0
DA:22,0
DA:27,0
DA:28,0
DA:30,0
DA:31,0
DA:34,0
DA:38,0
DA:45,1
DA:46,1
DA:47,1
DA:48,1
DA:49,1
DA:50,0
DA:52,1
DA:54,0
DA:55,0
DA:61,1
DA:62,1
DA:63,1
DA:64,1
DA:65,1
DA:67,0
DA:68,0
DA:74,1
DA:75,1
DA:76,1
DA:77,1
DA:78,1
DA:79,1
DA:81,0
DA:83,0
DA:84,0
DA:90,0
DA:91,0
DA:103,0
DA:104,0
DA:105,0
DA:106,0
DA:108,0
DA:109,0
DA:113,0
DA:114,0
DA:120,1
DA:121,1
DA:122,1
DA:123,1
DA:124,1
DA:126,0
DA:127,0
DA:132,0
DA:133,0
DA:134,0
DA:143,0
DA:144,0
DA:146,0
DA:148,0
DA:152,3
LF:62
LH:27
BRDA:30,0,0,0
BRDA:30,0,1,0
BRDA:48,1,0,1
BRDA:48,1,1,0
BRDA:49,2,0,0
BRDA:49,2,1,1
BRDA:64,3,0,1
BRDA:64,3,1,0
BRDA:77,4,0,1
BRDA:77,4,1,0
BRDA:78,5,0,1
BRDA:78,5,1,0
BRDA:105,6,0,0
BRDA:105,6,1,0
BRDA:123,7,0,1
BRDA:123,7,1,0
BRDA:143,8,0,0
BRDA:143,8,1,0
BRF:18
BRH:6
end_of_record
TN:
SF:C:\Users\Fabio Stabile\Desktop\Fabio\Università\Polito\2° anno\Software engineering 2\Progetto\team11-PULSeBS\clientBuild\client\src\ActiveBookings.js
FN:10,(anonymous_0)
FN:13,(anonymous_1)
FN:15,(anonymous_2)
FN:41,(anonymous_3)
FN:51,BookingRow
FN:61,(anonymous_5)
FNF:6
FNH:0
FNDA:0,(anonymous_0)
FNDA:0,(anonymous_1)
FNDA:0,(anonymous_2)
FNDA:0,(anonymous_3)
FNDA:0,BookingRow
FNDA:0,(anonymous_5)
DA:15,0
DA:16,0
DA:17,0
DA:18,0
DA:19,0
DA:20,0
DA:21,0
DA:26,0
DA:41,0
DA:52,0
DA:61,0
LF:11
LH:0
BRDA:16,0,0,0
BRDA:16,0,1,0
BRDA:17,1,0,0
BRDA:17,1,1,0
BRDA:18,2,0,0
BRDA:18,2,1,0
BRDA:20,3,0,0
BRDA:20,3,1,0
BRDA:41,4,0,0
BRDA:41,4,1,0
BRDA:44,5,0,0
BRDA:44,5,1,0
BRF:12
BRH:0
end_of_record
TN:
SF:C:\Users\Fabio Stabile\Desktop\Fabio\Università\Polito\2° anno\Software engineering 2\Progetto\team11-PULSeBS\clientBuild\client\src\App.js
FN:14,(anonymous_0)
FN:27,(anonymous_1)
FN:31,(anonymous_2)
FN:40,(anonymous_3)
FN:42,(anonymous_4)
FN:46,(anonymous_5)
FN:51,(anonymous_6)
FN:52,(anonymous_7)
FN:57,(anonymous_8)
FN:58,(anonymous_9)
FN:63,(anonymous_10)
FN:65,(anonymous_11)
FN:70,(anonymous_12)
FN:75,(anonymous_13)
FN:76,(anonymous_14)
FN:82,(anonymous_15)
FN:90,(anonymous_16)
FN:99,(anonymous_17)
FNF:18
FNH:0
FNDA:0,(anonymous_0)
FNDA:0,(anonymous_1)
FNDA:0,(anonymous_2)
FNDA:0,(anonymous_3)
FNDA:0,(anonymous_4)
FNDA:0,(anonymous_5)
FNDA:0,(anonymous_6)
FNDA:0,(anonymous_7)
FNDA:0,(anonymous_8)
FNDA:0,(anonymous_9)
FNDA:0,(anonymous_10)
FNDA:0,(anonymous_11)
FNDA:0,(anonymous_12)
FNDA:0,(anonymous_13)
FNDA:0,(anonymous_14)
FNDA:0,(anonymous_15)
FNDA:0,(anonymous_16)
FNDA:0,(anonymous_17)
DA:15,0
DA:17,0
DA:31,0
DA:32,0
DA:33,0
DA:34,0
DA:35,0
DA:36,0
DA:37,0
DA:40,0
DA:41,0
DA:43,0
DA:44,0
DA:47,0
DA:51,0
DA:52,0
DA:53,0
DA:57,0
DA:58,0
DA:59,0
DA:63,0
DA:64,0
DA:65,0
DA:67,0
DA:68,0
DA:71,0
DA:75,0
DA:76,0
DA:77,0
DA:78,0
DA:83,0
DA:91,0
DA:100,0
LF:33
LH:0
BRDA:89,0,0,0
BRDA:89,0,1,0
BRDA:89,1,0,0
BRDA:89,1,1,0
BRDA:113,2,0,0
BRDA:113,2,1,0
BRDA:113,3,0,0
BRDA:113,3,1,0
BRF:8
BRH:0
end_of_record
TN:
SF:C:\Users\Fabio Stabile\Desktop\Fabio\Università\Polito\2° anno\Software engineering 2\Progetto\team11-PULSeBS\clientBuild\client\src\Calendar.js
FN:8,(anonymous_0)
FN:21,(anonymous_1)
FN:25,(anonymous_2)
FN:51,(anonymous_3)
FN:68,ModalLecture
FN:71,(anonymous_5)
FN:95,(anonymous_6)
FN:96,(anonymous_7)
FN:102,(anonymous_8)
FN:103,(anonymous_9)
FNF:10
FNH:0
FNDA:0,(anonymous_0)
FNDA:0,(anonymous_1)
FNDA:0,(anonymous_2)
FNDA:0,(anonymous_3)
FNDA:0,ModalLecture
FNDA:0,(anonymous_5)
FNDA:0,(anonymous_6)
FNDA:0,(anonymous_7)
FNDA:0,(anonymous_8)
FNDA:0,(anonymous_9)
DA:9,0
DA:11,0
DA:21,0
DA:22,0
DA:26,0
DA:51,0
DA:55,0
DA:56,0
DA:57,0
DA:58,0
DA:59,0
DA:60,0
DA:61,0
DA:62,0
DA:63,0
DA:64,0
DA:69,0
DA:71,0
DA:73,0
DA:95,0
DA:96,0
DA:102,0
DA:103,0
LF:23
LH:0
BRDA:76,0,0,0
BRDA:76,0,1,0
BRDA:93,1,0,0
BRDA:93,1,1,0
BRF:4
BRH:0
end_of_record
TN:
SF:C:\Users\Fabio Stabile\Desktop\Fabio\Università\Polito\2° anno\Software engineering 2\Progetto\team11-PULSeBS\clientBuild\client\src\HomeTeacher.js
FN:8,(anonymous_0)
FN:13,(anonymous_1)
FN:14,(anonymous_2)
FN:17,(anonymous_3)
FN:21,(anonymous_4)
FN:28,(anonymous_5)
FN:33,(anonymous_6)
FN:34,(anonymous_7)
FN:37,(anonymous_8)
FN:43,(anonymous_9)
FN:50,StudentRow
FNF:11
FNH:0
FNDA:0,(anonymous_0)
FNDA:0,(anonymous_1)
FNDA:0,(anonymous_2)
FNDA:0,(anonymous_3)
FNDA:0,(anonymous_4)
FNDA:0,(anonymous_5)
FNDA:0,(anonymous_6)
FNDA:0,(anonymous_7)
FNDA:0,(anonymous_8)
FNDA:0,(anonymous_9)
FNDA:0,StudentRow
DA:9,0
DA:10,0
DA:14,0
DA:18,0
DA:21,0
DA:29,0
DA:30,0
DA:34,0
DA:37,0
DA:43,0
DA:51,0
LF:11
LH:0
BRF:0
BRH:0
end_of_record
TN:
SF:C:\Users\Fabio Stabile\Desktop\Fabio\Università\Polito\2° anno\Software engineering 2\Progetto\team11-PULSeBS\clientBuild\client\src\LecturesList.js
FN:8,(anonymous_0)
FN:12,(anonymous_1)
FN:14,(anonymous_2)
FN:34,(anonymous_3)
FN:44,LectureRow
FN:51,(anonymous_5)
FNF:6
FNH:0
FNDA:0,(anonymous_0)
FNDA:0,(anonymous_1)
FNDA:0,(anonymous_2)
FNDA:0,(anonymous_3)
FNDA:0,LectureRow
FNDA:0,(anonymous_5)
DA:9,0
DA:14,0
DA:15,0
DA:16,0
DA:17,0
DA:20,0
DA:34,0
DA:45,0
DA:51,0
LF:9
LH:0
BRDA:15,0,0,0
BRDA:15,0,1,0
BRDA:16,1,0,0
BRDA:16,1,1,0
BRDA:34,2,0,0
BRDA:34,2,1,0
BRDA:37,3,0,0
BRDA:37,3,1,0
BRF:8
BRH:0
end_of_record
TN:
SF:C:\Users\Fabio Stabile\Desktop\Fabio\Università\Polito\2° anno\Software engineering 2\Progetto\team11-PULSeBS\clientBuild\client\src\LoginForm.js
FN:7,(anonymous_0)
FN:12,(anonymous_1)
FN:16,(anonymous_2)
FN:17,(anonymous_3)
FN:26,(anonymous_4)
FN:32,(anonymous_5)
FN:41,(anonymous_6)
FN:45,(anonymous_7)
FN:54,(anonymous_8)
FN:62,(anonymous_9)
FN:72,(anonymous_10)
FNF:11
FNH:5
FNDA:2,(anonymous_0)
FNDA:1,(anonymous_1)
FNDA:0,(anonymous_2)
FNDA:0,(anonymous_3)
FNDA:0,(anonymous_4)
FNDA:0,(anonymous_5)
FNDA:0,(anonymous_6)
FNDA:3,(anonymous_7)
FNDA:6,(anonymous_8)
FNDA:1,(anonymous_9)
FNDA:0,(anonymous_10)
DA:8,2
DA:10,2
DA:12,2
DA:13,1
DA:16,2
DA:17,0
DA:18,0
DA:19,0
DA:20,0
DA:21,0
DA:23,0
DA:24,0
DA:27,0
DA:32,2
DA:33,0
DA:34,0
DA:35,0
DA:37,0
DA:41,2
DA:42,0
DA:46,3
DA:47,0
DA:48,0
DA:49,3
DA:50,0
DA:52,3
DA:54,6
DA:62,1
DA:72,0
LF:29
LH:12
BRDA:18,0,0,0
BRDA:18,0,1,0
BRDA:34,1,0,0
BRDA:34,1,1,0
BRDA:46,2,0,0
BRDA:46,2,1,3
BRDA:46,3,0,3
BRDA:46,3,1,0
BRDA:49,4,0,0
BRDA:49,4,1,3
BRDA:49,5,0,3
BRDA:49,5,1,0
BRF:12
BRH:4
end_of_record
TN:
SF:C:\Users\Fabio Stabile\Desktop\Fabio\Università\Polito\2° anno\Software engineering 2\Progetto\team11-PULSeBS\clientBuild\client\src\StudentCalendarPage.js
FN:7,(anonymous_0)
FN:13,(anonymous_1)
FNF:2
FNH:0
FNDA:0,(anonymous_0)
FNDA:0,(anonymous_1)
DA:8,0
DA:10,0
DA:14,0
LF:3
LH:0
BRF:0
BRH:0
end_of_record
TN:
SF:C:\Users\Fabio Stabile\Desktop\Fabio\Università\Polito\2° anno\Software engineering 2\Progetto\team11-PULSeBS\clientBuild\client\src\TopBar.js
FN:6,(anonymous_0)
FN:16,(anonymous_1)
FNF:2
FNH:1
FNDA:2,(anonymous_0)
FNDA:0,(anonymous_1)
DA:7,2
DA:16,0
LF:2
LH:1
BRDA:9,0,0,1
BRDA:9,0,1,1
BRF:2
BRH:2
end_of_record
TN:
SF:C:\Users\Fabio Stabile\Desktop\Fabio\Università\Polito\2° anno\Software engineering 2\Progetto\team11-PULSeBS\clientBuild\client\src\index.js
FNF:0
FNH:0
DA:7,0
DA:17,0
LF:2
LH:0
BRF:0
BRH:0
end_of_record
TN:
SF:C:\Users\Fabio Stabile\Desktop\Fabio\Università\Polito\2° anno\Software engineering 2\Progetto\team11-PULSeBS\clientBuild\client\src\reportWebVitals.js
FN:1,(anonymous_0)
FN:3,(anonymous_1)
FNF:2
FNH:0
FNDA:0,(anonymous_0)
FNDA:0,(anonymous_1)
DA:1,0
DA:2,0
DA:3,0
DA:4,0
DA:5,0
DA:6,0
DA:7,0
DA:8,0
LF:8
LH:0
BRDA:2,0,0,0
BRDA:2,0,1,0
BRDA:2,1,0,0
BRDA:2,1,1,0
BRF:4
BRH:0
end_of_record
