TN:
SF:/Applications/XAMPP/xamppfiles/htdocs/team11-PULSeBS/clientbuild/client/src/API.js
FN:1,userLogin
FN:2,(anonymous_1)
FN:10,(anonymous_2)
FN:11,(anonymous_3)
FN:21,(anonymous_4)
FN:22,(anonymous_5)
FN:26,logout
FN:27,(anonymous_7)
FN:29,(anonymous_8)
FN:37,(anonymous_9)
FN:44,getBookableStudentLectures
FN:60,getBooking
FN:76,getStudentBookings
FN:92,getWaitingBookings
FN:108,bookASeat
FN:139,getTeacherLectures
FN:154,deleteBooking
FN:156,(anonymous_17)
FN:165,(anonymous_18)
FN:171,(anonymous_19)
FN:175,deleteLecture
FN:200,changeToOnline
FN:225,getAllCourses
FN:242,getBookingStatisticsByMonth
FN:257,getBookingStatisticsByWeek
FN:272,getBookingStatisticsByLesson
FN:288,getCancellationsStatisticsByMonth
FN:303,getCancellationsStatisticsByWeek
FN:318,getCancellationsStatisticsByLesson
FN:334,getCoursesOfTeacher
FN:350,getFullLectures
FN:365,getTeacherStatistics
FN:387,setUpStudents
FN:446,setUpProfessors
FN:482,setUpCourses
FN:518,setUpLectures
FN:554,setUpClasses
FN:590,getAllStudents
FN:607,getStudentContacts
FNF:39
FNH:39
FNDA:4,userLogin
FNDA:4,(anonymous_1)
FNDA:2,(anonymous_2)
FNDA:1,(anonymous_3)
FNDA:1,(anonymous_4)
FNDA:1,(anonymous_5)
FNDA:3,logout
FNDA:3,(anonymous_7)
FNDA:2,(anonymous_8)
FNDA:1,(anonymous_9)
FNDA:3,getBookableStudentLectures
FNDA:3,getBooking
FNDA:3,getStudentBookings
FNDA:4,getWaitingBookings
FNDA:2,bookASeat
FNDA:5,getTeacherLectures
FNDA:3,deleteBooking
FNDA:3,(anonymous_17)
FNDA:2,(anonymous_18)
FNDA:1,(anonymous_19)
FNDA:3,deleteLecture
FNDA:3,changeToOnline
FNDA:4,getAllCourses
FNDA:5,getBookingStatisticsByMonth
FNDA:3,getBookingStatisticsByWeek
FNDA:3,getBookingStatisticsByLesson
FNDA:6,getCancellationsStatisticsByMonth
FNDA:3,getCancellationsStatisticsByWeek
FNDA:3,getCancellationsStatisticsByLesson
FNDA:6,getCoursesOfTeacher
FNDA:3,getFullLectures
FNDA:4,getTeacherStatistics
FNDA:3,setUpStudents
FNDA:3,setUpProfessors
FNDA:3,setUpCourses
FNDA:3,setUpLectures
FNDA:3,setUpClasses
FNDA:4,getAllStudents
FNDA:4,getStudentContacts
DA:2,4
DA:3,4
DA:11,2
DA:19,1
DA:21,1
DA:22,1
DA:27,3
DA:28,3
DA:30,2
DA:31,1
DA:34,1
DA:38,1
DA:45,3
DA:46,3
DA:47,3
DA:48,3
DA:49,2
DA:50,1
DA:52,1
DA:54,1
DA:55,1
DA:61,3
DA:62,3
DA:63,3
DA:64,3
DA:65,2
DA:66,1
DA:68,1
DA:70,1
DA:71,1
DA:77,3
DA:78,3
DA:79,3
DA:80,3
DA:81,2
DA:82,1
DA:84,1
DA:86,1
DA:87,1
DA:93,4
DA:94,4
DA:95,3
DA:96,3
DA:97,2
DA:98,1
DA:100,1
DA:102,1
DA:103,1
DA:109,2
DA:110,2
DA:123,2
DA:124,2
DA:125,2
DA:126,1
DA:128,1
DA:129,1
DA:133,1
DA:134,1
DA:140,5
DA:141,5
DA:142,3
DA:143,3
DA:144,2
DA:145,1
DA:147,1
DA:149,1
DA:150,1
DA:155,3
DA:156,3
DA:157,3
DA:166,2
DA:167,1
DA:169,1
DA:171,1
DA:176,3
DA:177,3
DA:186,3
DA:187,3
DA:188,2
DA:189,1
DA:191,1
DA:192,1
DA:195,1
DA:196,1
DA:201,3
DA:202,3
DA:211,3
DA:212,3
DA:213,2
DA:214,1
DA:216,1
DA:217,1
DA:220,1
DA:221,1
DA:226,4
DA:228,4
DA:229,3
DA:230,3
DA:231,2
DA:232,1
DA:234,1
DA:236,1
DA:237,1
DA:241,12
DA:243,5
DA:245,5
DA:246,3
DA:247,3
DA:248,2
DA:249,1
DA:251,1
DA:253,1
DA:254,1
DA:258,3
DA:260,3
DA:261,3
DA:262,3
DA:263,2
DA:264,1
DA:266,1
DA:268,1
DA:269,1
DA:273,3
DA:275,3
DA:276,3
DA:277,3
DA:278,2
DA:279,1
DA:281,1
DA:283,1
DA:284,1
DA:289,6
DA:291,6
DA:292,3
DA:293,3
DA:294,2
DA:295,1
DA:297,1
DA:299,1
DA:300,1
DA:304,3
DA:306,3
DA:307,3
DA:308,3
DA:309,2
DA:310,1
DA:312,1
DA:314,1
DA:315,1
DA:319,3
DA:321,3
DA:322,3
DA:323,3
DA:324,2
DA:325,1
DA:327,1
DA:329,1
DA:330,1
DA:335,6
DA:337,6
DA:338,3
DA:339,3
DA:340,2
DA:341,1
DA:343,1
DA:345,1
DA:346,1
DA:351,3
DA:352,3
DA:353,3
DA:354,3
DA:355,2
DA:356,1
DA:358,1
DA:360,1
DA:361,1
DA:366,4
DA:368,3
DA:375,3
DA:376,3
DA:377,2
DA:378,1
DA:380,1
DA:382,1
DA:383,1
DA:388,3
DA:413,3
DA:415,3
DA:424,2
DA:431,2
DA:432,2
DA:433,1
DA:435,1
DA:436,1
DA:441,1
DA:442,1
DA:447,3
DA:449,3
DA:451,3
DA:460,2
DA:467,2
DA:468,2
DA:469,1
DA:471,1
DA:472,1
DA:477,1
DA:478,1
DA:483,3
DA:485,3
DA:487,3
DA:496,2
DA:503,2
DA:504,2
DA:505,1
DA:507,1
DA:508,1
DA:513,1
DA:514,1
DA:519,3
DA:521,3
DA:523,3
DA:532,2
DA:539,2
DA:540,2
DA:541,1
DA:543,1
DA:544,1
DA:549,1
DA:550,1
DA:555,3
DA:557,3
DA:559,3
DA:568,2
DA:575,2
DA:576,2
DA:577,1
DA:579,1
DA:580,1
DA:585,1
DA:586,1
DA:591,4
DA:593,4
DA:594,3
DA:595,3
DA:596,2
DA:597,1
DA:599,1
DA:601,1
DA:602,1
DA:608,4
DA:610,4
DA:611,3
DA:612,3
DA:613,2
DA:614,1
DA:616,1
DA:618,1
DA:619,1
DA:623,12
LF:259
LH:259
BRDA:30,0,0,1
BRDA:30,0,1,1
BRDA:48,1,0,2
BRDA:48,1,1,1
BRDA:49,2,0,1
BRDA:49,2,1,1
BRDA:64,3,0,2
BRDA:64,3,1,1
BRDA:65,4,0,1
BRDA:65,4,1,1
BRDA:80,5,0,2
BRDA:80,5,1,1
BRDA:81,6,0,1
BRDA:81,6,1,1
BRDA:96,7,0,2
BRDA:96,7,1,1
BRDA:97,8,0,1
BRDA:97,8,1,1
BRDA:125,9,0,1
BRDA:125,9,1,1
BRDA:143,10,0,2
BRDA:143,10,1,1
BRDA:144,11,0,1
BRDA:144,11,1,1
BRDA:166,12,0,1
BRDA:166,12,1,1
BRDA:187,13,0,2
BRDA:187,13,1,1
BRDA:188,14,0,1
BRDA:188,14,1,1
BRDA:212,15,0,2
BRDA:212,15,1,1
BRDA:213,16,0,1
BRDA:213,16,1,1
BRDA:230,17,0,2
BRDA:230,17,1,1
BRDA:231,18,0,1
BRDA:231,18,1,1
BRDA:247,19,0,2
BRDA:247,19,1,1
BRDA:248,20,0,1
BRDA:248,20,1,1
BRDA:262,21,0,2
BRDA:262,21,1,1
BRDA:263,22,0,1
BRDA:263,22,1,1
BRDA:277,23,0,2
BRDA:277,23,1,1
BRDA:278,24,0,1
BRDA:278,24,1,1
BRDA:293,25,0,2
BRDA:293,25,1,1
BRDA:294,26,0,1
BRDA:294,26,1,1
BRDA:308,27,0,2
BRDA:308,27,1,1
BRDA:309,28,0,1
BRDA:309,28,1,1
BRDA:323,29,0,2
BRDA:323,29,1,1
BRDA:324,30,0,1
BRDA:324,30,1,1
BRDA:339,31,0,2
BRDA:339,31,1,1
BRDA:340,32,0,1
BRDA:340,32,1,1
BRDA:354,33,0,2
BRDA:354,33,1,1
BRDA:355,34,0,1
BRDA:355,34,1,1
BRDA:376,35,0,2
BRDA:376,35,1,1
BRDA:377,36,0,1
BRDA:377,36,1,1
BRDA:432,37,0,1
BRDA:432,37,1,1
BRDA:468,38,0,1
BRDA:468,38,1,1
BRDA:504,39,0,1
BRDA:504,39,1,1
BRDA:540,40,0,1
BRDA:540,40,1,1
BRDA:576,41,0,1
BRDA:576,41,1,1
BRDA:595,42,0,2
BRDA:595,42,1,1
BRDA:596,43,0,1
BRDA:596,43,1,1
BRDA:612,44,0,2
BRDA:612,44,1,1
BRDA:613,45,0,1
BRDA:613,45,1,1
BRF:92
BRH:92
end_of_record
TN:
SF:/Applications/XAMPP/xamppfiles/htdocs/team11-PULSeBS/clientbuild/client/src/App.js
FN:20,(anonymous_0)
FN:36,(anonymous_1)
FN:40,(anonymous_2)
FN:59,(anonymous_3)
FN:61,(anonymous_4)
FN:65,(anonymous_5)
FN:70,(anonymous_6)
FN:71,(anonymous_7)
FN:76,(anonymous_8)
FN:77,(anonymous_9)
FN:82,(anonymous_10)
FN:83,(anonymous_11)
FN:88,(anonymous_12)
FN:89,(anonymous_13)
FN:94,(anonymous_14)
FN:95,(anonymous_15)
FN:100,(anonymous_16)
FN:102,(anonymous_17)
FN:109,(anonymous_18)
FN:114,(anonymous_19)
FN:115,(anonymous_20)
FN:123,(anonymous_21)
FN:124,(anonymous_22)
FN:129,(anonymous_23)
FN:130,(anonymous_24)
FN:135,(anonymous_25)
FN:143,(anonymous_26)
FN:154,(anonymous_27)
FN:165,(anonymous_28)
FN:176,(anonymous_29)
FN:201,(anonymous_30)
FNF:31
FNH:31
FNDA:15,(anonymous_0)
FNDA:15,(anonymous_1)
FNDA:14,(anonymous_2)
FNDA:2,(anonymous_3)
FNDA:1,(anonymous_4)
FNDA:1,(anonymous_5)
FNDA:9,(anonymous_6)
FNDA:9,(anonymous_7)
FNDA:11,(anonymous_8)
FNDA:11,(anonymous_9)
FNDA:4,(anonymous_10)
FNDA:2,(anonymous_11)
FNDA:11,(anonymous_12)
FNDA:11,(anonymous_13)
FNDA:11,(anonymous_14)
FNDA:10,(anonymous_15)
FNDA:2,(anonymous_16)
FNDA:1,(anonymous_17)
FNDA:1,(anonymous_18)
FNDA:1,(anonymous_19)
FNDA:1,(anonymous_20)
FNDA:1,(anonymous_21)
FNDA:1,(anonymous_22)
FNDA:1,(anonymous_23)
FNDA:1,(anonymous_24)
FNDA:116,(anonymous_25)
FNDA:42,(anonymous_26)
FNDA:28,(anonymous_27)
FNDA:20,(anonymous_28)
FNDA:35,(anonymous_29)
FNDA:4,(anonymous_30)
DA:21,15
DA:23,15
DA:40,15
DA:41,14
DA:42,14
DA:43,14
DA:44,14
DA:45,14
DA:46,8
DA:47,8
DA:48,8
DA:49,8
DA:50,6
DA:51,4
DA:52,2
DA:54,1
DA:59,15
DA:60,2
DA:62,1
DA:63,1
DA:66,1
DA:70,15
DA:71,9
DA:72,9
DA:76,15
DA:77,11
DA:78,11
DA:82,15
DA:83,4
DA:84,2
DA:88,15
DA:89,11
DA:90,11
DA:94,15
DA:95,11
DA:96,10
DA:100,15
DA:101,2
DA:102,2
DA:104,1
DA:105,1
DA:106,1
DA:107,1
DA:110,1
DA:114,15
DA:115,1
DA:116,1
DA:117,1
DA:118,1
DA:119,1
DA:123,15
DA:124,1
DA:125,1
DA:129,15
DA:130,1
DA:131,1
DA:136,116
DA:144,42
DA:155,28
DA:166,20
DA:177,35
DA:202,4
LF:62
LH:62
BRDA:45,0,0,8
BRDA:45,0,1,6
BRDA:50,1,0,4
BRDA:50,1,1,2
BRDA:52,2,0,1
BRDA:52,2,1,1
BRDA:54,3,0,1
BRDA:54,3,1,0
BRDA:142,4,0,56
BRDA:142,4,1,60
BRDA:142,5,0,116
BRDA:142,5,1,99
BRDA:192,6,0,13
BRDA:192,6,1,103
BRDA:192,7,0,116
BRDA:192,7,1,99
BRDA:200,8,0,13
BRDA:200,8,1,103
BRDA:200,9,0,116
BRDA:200,9,1,99
BRDA:207,10,0,1
BRDA:207,10,1,3
BRDA:221,11,0,2
BRDA:221,11,1,114
BRDA:221,12,0,116
BRDA:221,12,1,99
BRDA:229,13,0,2
BRDA:229,13,1,114
BRDA:229,14,0,116
BRDA:229,14,1,99
BRDA:237,15,0,2
BRDA:237,15,1,114
BRDA:237,16,0,116
BRDA:237,16,1,99
BRDA:245,17,0,2
BRDA:245,17,1,114
BRDA:245,18,0,116
BRDA:245,18,1,99
BRF:38
BRH:37
end_of_record
TN:
SF:/Applications/XAMPP/xamppfiles/htdocs/team11-PULSeBS/clientbuild/client/src/BookingManagerNavButton.js
FN:5,(anonymous_0)
FN:11,(anonymous_1)
FN:29,(anonymous_2)
FNF:3
FNH:3
FNDA:3,(anonymous_0)
FNDA:4,(anonymous_1)
FNDA:1,(anonymous_2)
DA:6,3
DA:8,3
DA:12,4
DA:29,3
DA:30,1
LF:5
LH:5
BRDA:14,0,0,4
BRDA:14,0,1,3
BRDA:21,1,0,4
BRDA:21,1,1,1
BRF:4
BRH:4
end_of_record
TN:
SF:/Applications/XAMPP/xamppfiles/htdocs/team11-PULSeBS/clientbuild/client/src/BookingManagerPage.js
FN:9,(anonymous_0)
FN:18,(anonymous_1)
FN:19,(anonymous_2)
FN:30,(anonymous_3)
FN:32,(anonymous_4)
FN:44,(anonymous_5)
FN:46,(anonymous_6)
FN:58,(anonymous_7)
FN:71,(anonymous_8)
FN:73,(anonymous_9)
FN:74,(anonymous_10)
FN:75,(anonymous_11)
FN:135,(anonymous_12)
FN:138,(anonymous_13)
FN:140,(anonymous_14)
FN:154,(anonymous_15)
FN:156,(anonymous_16)
FN:170,(anonymous_17)
FN:172,(anonymous_18)
FN:186,(anonymous_19)
FN:189,(anonymous_20)
FN:191,(anonymous_21)
FN:204,(anonymous_22)
FN:206,(anonymous_23)
FN:219,(anonymous_24)
FN:221,(anonymous_25)
FN:234,(anonymous_26)
FN:241,(anonymous_27)
FN:243,(anonymous_28)
FN:245,(anonymous_29)
FN:257,(anonymous_30)
FN:259,(anonymous_31)
FN:273,(anonymous_32)
FN:314,(anonymous_33)
FN:323,(anonymous_34)
FN:358,(anonymous_35)
FN:370,(anonymous_36)
FN:373,(anonymous_37)
FN:378,(anonymous_38)
FN:387,(anonymous_39)
FNF:40
FNH:33
FNDA:5,(anonymous_0)
FNDA:5,(anonymous_1)
FNDA:4,(anonymous_2)
FNDA:3,(anonymous_3)
FNDA:6,(anonymous_4)
FNDA:2,(anonymous_5)
FNDA:4,(anonymous_6)
FNDA:35,(anonymous_7)
FNDA:0,(anonymous_8)
FNDA:0,(anonymous_9)
FNDA:0,(anonymous_10)
FNDA:0,(anonymous_11)
FNDA:3,(anonymous_12)
FNDA:1,(anonymous_13)
FNDA:2,(anonymous_14)
FNDA:1,(anonymous_15)
FNDA:2,(anonymous_16)
FNDA:1,(anonymous_17)
FNDA:2,(anonymous_18)
FNDA:3,(anonymous_19)
FNDA:1,(anonymous_20)
FNDA:2,(anonymous_21)
FNDA:1,(anonymous_22)
FNDA:2,(anonymous_23)
FNDA:1,(anonymous_24)
FNDA:2,(anonymous_25)
FNDA:1,(anonymous_26)
FNDA:1,(anonymous_27)
FNDA:1,(anonymous_28)
FNDA:2,(anonymous_29)
FNDA:1,(anonymous_30)
FNDA:2,(anonymous_31)
FNDA:8,(anonymous_32)
FNDA:0,(anonymous_33)
FNDA:6,(anonymous_34)
FNDA:0,(anonymous_35)
FNDA:4,(anonymous_36)
FNDA:8,(anonymous_37)
FNDA:8,(anonymous_38)
FNDA:0,(anonymous_39)
DA:10,5
DA:11,5
DA:18,5
DA:19,5
DA:20,4
DA:25,5
DA:30,5
DA:31,3
DA:32,3
DA:33,6
DA:34,6
DA:36,3
DA:44,5
DA:45,2
DA:46,2
DA:47,4
DA:48,4
DA:50,2
DA:59,35
DA:71,0
DA:73,0
DA:74,0
DA:75,0
DA:135,5
DA:136,3
DA:137,1
DA:138,1
DA:139,1
DA:140,1
DA:141,2
DA:142,2
DA:144,1
DA:152,2
DA:153,1
DA:154,1
DA:155,1
DA:156,1
DA:157,2
DA:158,2
DA:160,1
DA:168,1
DA:169,1
DA:170,1
DA:171,1
DA:172,1
DA:173,2
DA:174,2
DA:176,1
DA:186,5
DA:187,3
DA:188,1
DA:189,1
DA:190,1
DA:191,1
DA:192,2
DA:193,2
DA:195,1
DA:202,2
DA:203,1
DA:204,1
DA:205,1
DA:206,1
DA:207,2
DA:208,2
DA:210,1
DA:217,1
DA:218,1
DA:219,1
DA:220,1
DA:221,1
DA:222,2
DA:223,2
DA:225,1
DA:234,5
DA:235,1
DA:243,1
DA:244,1
DA:245,1
DA:246,2
DA:247,2
DA:249,1
DA:257,1
DA:258,1
DA:259,1
DA:260,2
DA:261,2
DA:263,1
DA:273,5
DA:274,8
DA:315,0
DA:323,5
DA:324,6
DA:359,0
DA:371,4
DA:373,8
DA:378,2
DA:380,8
DA:387,0
LF:98
LH:91
BRDA:79,0,0,6
BRDA:79,0,1,29
BRDA:82,1,0,6
BRDA:82,1,1,4
BRDA:93,2,0,6
BRDA:93,2,1,3
BRDA:107,3,0,29
BRDA:107,3,1,15
BRDA:118,4,0,29
BRDA:118,4,1,6
BRDA:136,5,0,1
BRDA:136,5,1,2
BRDA:152,6,0,1
BRDA:152,6,1,1
BRDA:168,7,0,1
BRDA:168,7,1,0
BRDA:187,8,0,1
BRDA:187,8,1,2
BRDA:202,9,0,1
BRDA:202,9,1,1
BRDA:217,10,0,1
BRDA:217,10,1,0
BRDA:237,11,0,1
BRDA:237,11,1,0
BRF:24
BRH:21
end_of_record
TN:
SF:/Applications/XAMPP/xamppfiles/htdocs/team11-PULSeBS/clientbuild/client/src/Calendar.js
FN:9,(anonymous_0)
FN:25,(anonymous_1)
FN:29,(anonymous_2)
FN:41,(anonymous_3)
FN:88,(anonymous_4)
FN:94,(anonymous_5)
FNF:6
FNH:5
FNDA:7,(anonymous_0)
FNDA:1,(anonymous_1)
FNDA:40,(anonymous_2)
FNDA:0,(anonymous_3)
FNDA:3,(anonymous_4)
FNDA:1,(anonymous_5)
DA:10,7
DA:12,7
DA:25,7
DA:26,1
DA:30,40
DA:42,0
DA:88,7
DA:93,3
DA:94,1
DA:95,1
DA:100,3
DA:101,3
DA:102,3
DA:103,3
DA:104,3
DA:105,3
DA:106,3
DA:107,3
DA:108,3
DA:109,3
DA:110,3
DA:111,3
DA:112,3
LF:23
LH:22
BRDA:43,0,0,0
BRDA:43,0,1,0
BRDA:51,1,0,23
BRDA:51,1,1,17
BRDA:93,2,0,1
BRDA:93,2,1,2
BRF:6
BRH:4
end_of_record
TN:
SF:/Applications/XAMPP/xamppfiles/htdocs/team11-PULSeBS/clientbuild/client/src/ContactTracingPage.js
FN:9,(anonymous_0)
FN:15,(anonymous_1)
FN:38,(anonymous_2)
FN:52,(anonymous_3)
FN:73,(anonymous_4)
FN:82,(anonymous_5)
FN:84,(anonymous_6)
FN:91,(anonymous_7)
FN:95,(anonymous_8)
FN:96,(anonymous_9)
FN:107,(anonymous_10)
FN:113,(anonymous_11)
FN:118,(anonymous_12)
FN:131,(anonymous_13)
FN:133,(anonymous_14)
FN:135,(anonymous_15)
FNF:16
FNH:14
FNDA:7,(anonymous_0)
FNDA:22,(anonymous_1)
FNDA:1,(anonymous_2)
FNDA:1,(anonymous_3)
FNDA:8,(anonymous_4)
FNDA:7,(anonymous_5)
FNDA:6,(anonymous_6)
FNDA:1,(anonymous_7)
FNDA:0,(anonymous_8)
FNDA:0,(anonymous_9)
FNDA:9,(anonymous_10)
FNDA:1,(anonymous_11)
FNDA:11,(anonymous_12)
FNDA:4,(anonymous_13)
FNDA:4,(anonymous_14)
FNDA:9,(anonymous_15)
DA:10,7
DA:12,7
DA:16,22
DA:38,1
DA:52,1
DA:73,8
DA:82,7
DA:83,7
DA:85,6
DA:91,7
DA:92,1
DA:93,1
DA:94,1
DA:95,1
DA:96,0
DA:97,0
DA:99,0
DA:100,0
DA:101,0
DA:102,0
DA:103,0
DA:107,7
DA:108,9
DA:113,1
DA:118,7
DA:119,11
DA:122,11
DA:123,15
DA:124,5
DA:128,11
DA:131,7
DA:132,4
DA:133,4
DA:135,9
DA:136,4
LF:35
LH:28
BRDA:27,0,0,6
BRDA:27,0,1,16
BRDA:31,1,0,22
BRDA:31,1,1,3
BRDA:31,1,2,2
BRDA:45,2,0,22
BRDA:45,2,1,3
BRDA:45,2,2,1
BRDA:72,3,0,22
BRDA:72,3,1,3
BRDA:72,3,2,20
BRDA:123,4,0,5
BRDA:123,4,1,10
BRF:13
BRH:13
end_of_record
TN:
SF:/Applications/XAMPP/xamppfiles/htdocs/team11-PULSeBS/clientbuild/client/src/LoginForm.js
FN:7,(anonymous_0)
FN:12,(anonymous_1)
FN:16,(anonymous_2)
FN:17,(anonymous_3)
FN:26,(anonymous_4)
FN:32,(anonymous_5)
FN:41,(anonymous_6)
FN:45,(anonymous_7)
FN:58,(anonymous_8)
FN:66,(anonymous_9)
FN:76,(anonymous_10)
FNF:11
FNH:11
FNDA:13,(anonymous_0)
FNDA:4,(anonymous_1)
FNDA:4,(anonymous_2)
FNDA:2,(anonymous_3)
FNDA:1,(anonymous_4)
FNDA:2,(anonymous_5)
FNDA:1,(anonymous_6)
FNDA:28,(anonymous_7)
FNDA:16,(anonymous_8)
FNDA:2,(anonymous_9)
FNDA:2,(anonymous_10)
DA:8,13
DA:10,13
DA:12,13
DA:13,4
DA:16,13
DA:17,4
DA:18,2
DA:19,1
DA:20,1
DA:21,1
DA:23,1
DA:27,1
DA:32,13
DA:33,2
DA:34,2
DA:35,1
DA:37,1
DA:41,13
DA:42,1
DA:46,28
DA:48,1
DA:49,27
DA:50,1
DA:51,26
DA:52,1
DA:53,25
DA:54,1
DA:56,24
DA:58,16
DA:66,2
DA:76,2
LF:31
LH:31
BRDA:18,0,0,1
BRDA:18,0,1,1
BRDA:34,1,0,1
BRDA:34,1,1,1
BRDA:46,2,0,1
BRDA:46,2,1,27
BRDA:46,3,0,28
BRDA:46,3,1,10
BRDA:49,4,0,1
BRDA:49,4,1,26
BRDA:49,5,0,27
BRDA:49,5,1,9
BRDA:51,6,0,1
BRDA:51,6,1,25
BRDA:51,7,0,26
BRDA:51,7,1,8
BRDA:53,8,0,1
BRDA:53,8,1,24
BRDA:53,9,0,25
BRDA:53,9,1,7
BRF:20
BRH:20
end_of_record
TN:
SF:/Applications/XAMPP/xamppfiles/htdocs/team11-PULSeBS/clientbuild/client/src/ModalStudent.js
FN:7,(anonymous_0)
FN:12,(anonymous_1)
FN:35,(anonymous_2)
FN:36,(anonymous_3)
FN:46,(anonymous_4)
FN:69,(anonymous_5)
FN:70,(anonymous_6)
FN:80,(anonymous_7)
FN:101,(anonymous_8)
FN:102,(anonymous_9)
FN:108,(anonymous_10)
FN:109,(anonymous_11)
FNF:12
FNH:12
FNDA:17,(anonymous_0)
FNDA:1,(anonymous_1)
FNDA:1,(anonymous_2)
FNDA:1,(anonymous_3)
FNDA:1,(anonymous_4)
FNDA:1,(anonymous_5)
FNDA:1,(anonymous_6)
FNDA:1,(anonymous_7)
FNDA:1,(anonymous_8)
FNDA:1,(anonymous_9)
FNDA:1,(anonymous_10)
FNDA:1,(anonymous_11)
DA:8,17
DA:9,4
DA:12,1
DA:35,1
DA:36,1
DA:42,13
DA:43,3
DA:46,1
DA:69,1
DA:70,1
DA:76,10
DA:77,8
DA:80,1
DA:101,1
DA:102,1
DA:108,1
DA:109,1
DA:118,2
LF:18
LH:18
BRDA:8,0,0,4
BRDA:8,0,1,13
BRDA:8,1,0,17
BRDA:8,1,1,15
BRDA:42,2,0,3
BRDA:42,2,1,10
BRDA:42,3,0,13
BRDA:42,3,1,11
BRDA:76,4,0,8
BRDA:76,4,1,2
BRDA:99,5,0,3
BRDA:99,5,1,5
BRF:12
BRH:12
end_of_record
TN:
SF:/Applications/XAMPP/xamppfiles/htdocs/team11-PULSeBS/clientbuild/client/src/ModalTeacher.js
FN:12,(anonymous_0)
FN:17,(anonymous_1)
FN:60,(anonymous_2)
FN:80,(anonymous_3)
FN:101,(anonymous_4)
FN:114,(anonymous_5)
FN:126,StudentRow
FNF:7
FNH:7
FNDA:11,(anonymous_0)
FNDA:1,(anonymous_1)
FNDA:1,(anonymous_2)
FNDA:1,(anonymous_3)
FNDA:2,(anonymous_4)
FNDA:1,(anonymous_5)
FNDA:2,StudentRow
DA:13,11
DA:14,8
DA:17,1
DA:60,1
DA:80,1
DA:101,2
DA:114,1
DA:121,3
DA:127,2
LF:9
LH:9
BRDA:13,0,0,8
BRDA:13,0,1,3
BRDA:36,1,0,7
BRDA:36,1,1,1
BRDA:46,2,0,7
BRDA:46,2,1,1
BRDA:49,3,0,1
BRDA:49,3,1,6
BRDA:69,4,0,1
BRDA:69,4,1,7
BRDA:85,5,0,7
BRDA:85,5,1,1
BRDA:87,6,0,6
BRDA:87,6,1,1
BRF:14
BRH:14
end_of_record
TN:
SF:/Applications/XAMPP/xamppfiles/htdocs/team11-PULSeBS/clientbuild/client/src/StudentCalendarPage.js
FN:7,(anonymous_0)
FN:13,(anonymous_1)
FNF:2
FNH:2
FNDA:1,(anonymous_0)
FNDA:1,(anonymous_1)
DA:8,1
DA:10,1
DA:14,1
LF:3
LH:3
BRF:0
BRH:0
end_of_record
TN:
SF:/Applications/XAMPP/xamppfiles/htdocs/team11-PULSeBS/clientbuild/client/src/TeacherCalendarPage.js
FN:7,(anonymous_0)
FN:12,(anonymous_1)
FNF:2
FNH:2
FNDA:1,(anonymous_0)
FNDA:1,(anonymous_1)
DA:8,1
DA:9,1
DA:13,1
LF:3
LH:3
BRF:0
BRH:0
end_of_record
TN:
SF:/Applications/XAMPP/xamppfiles/htdocs/team11-PULSeBS/clientbuild/client/src/TeacherDataSelectionList.js
FN:5,(anonymous_0)
FN:8,(anonymous_1)
FN:13,(anonymous_2)
FN:19,(anonymous_3)
FNF:4
FNH:4
FNDA:6,(anonymous_0)
FNDA:12,(anonymous_1)
FNDA:12,(anonymous_2)
FNDA:1,(anonymous_3)
DA:6,6
DA:8,12
DA:13,6
DA:14,12
DA:19,1
LF:5
LH:5
BRF:0
BRH:0
end_of_record
TN:
SF:/Applications/XAMPP/xamppfiles/htdocs/team11-PULSeBS/clientbuild/client/src/TeacherHistoricalDataPage.js
FN:9,(anonymous_0)
FN:22,(anonymous_1)
FN:39,(anonymous_2)
FN:48,(anonymous_3)
FN:52,(anonymous_4)
FN:54,(anonymous_5)
FN:55,(anonymous_6)
FN:59,(anonymous_7)
FN:65,(anonymous_8)
FN:67,(anonymous_9)
FN:70,(anonymous_10)
FN:72,(anonymous_11)
FN:73,(anonymous_12)
FN:86,(anonymous_13)
FN:92,(anonymous_14)
FN:95,(anonymous_15)
FN:97,(anonymous_16)
FN:98,(anonymous_17)
FN:111,(anonymous_18)
FN:117,(anonymous_19)
FN:120,(anonymous_20)
FN:122,(anonymous_21)
FN:123,(anonymous_22)
FN:136,(anonymous_23)
FN:143,(anonymous_24)
FN:144,(anonymous_25)
FN:149,(anonymous_26)
FN:150,(anonymous_27)
FN:155,(anonymous_28)
FN:185,(anonymous_29)
FN:195,(anonymous_30)
FNF:31
FNH:29
FNDA:8,(anonymous_0)
FNDA:35,(anonymous_1)
FNDA:23,(anonymous_2)
FNDA:8,(anonymous_3)
FNDA:10,(anonymous_4)
FNDA:6,(anonymous_5)
FNDA:6,(anonymous_6)
FNDA:1,(anonymous_7)
FNDA:11,(anonymous_8)
FNDA:7,(anonymous_9)
FNDA:2,(anonymous_10)
FNDA:4,(anonymous_11)
FNDA:4,(anonymous_12)
FNDA:5,(anonymous_13)
FNDA:2,(anonymous_14)
FNDA:1,(anonymous_15)
FNDA:2,(anonymous_16)
FNDA:2,(anonymous_17)
FNDA:1,(anonymous_18)
FNDA:2,(anonymous_19)
FNDA:1,(anonymous_20)
FNDA:2,(anonymous_21)
FNDA:2,(anonymous_22)
FNDA:1,(anonymous_23)
FNDA:1,(anonymous_24)
FNDA:1,(anonymous_25)
FNDA:1,(anonymous_26)
FNDA:1,(anonymous_27)
FNDA:1,(anonymous_28)
FNDA:0,(anonymous_29)
FNDA:0,(anonymous_30)
DA:10,8
DA:12,8
DA:23,35
DA:39,23
DA:48,8
DA:49,8
DA:52,8
DA:53,10
DA:55,6
DA:56,6
DA:60,1
DA:61,1
DA:65,8
DA:66,11
DA:67,7
DA:69,7
DA:72,4
DA:73,4
DA:75,2
DA:87,5
DA:88,5
DA:91,4
DA:92,2
DA:94,2
DA:97,2
DA:98,2
DA:100,1
DA:112,1
DA:113,1
DA:116,2
DA:117,2
DA:119,2
DA:122,2
DA:123,2
DA:125,1
DA:137,1
DA:138,1
DA:143,8
DA:144,1
DA:145,1
DA:149,8
DA:150,1
DA:151,1
DA:155,8
DA:156,1
DA:186,0
DA:196,0
LF:47
LH:45
BRDA:34,0,0,35
BRDA:34,0,1,2
BRDA:66,1,0,7
BRDA:66,1,1,4
BRDA:91,2,0,2
BRDA:91,2,1,2
BRDA:116,3,0,2
BRDA:116,3,1,0
BRF:8
BRH:7
end_of_record
TN:
SF:/Applications/XAMPP/xamppfiles/htdocs/team11-PULSeBS/clientbuild/client/src/TeacherNavigationButton.js
FN:5,(anonymous_0)
FN:11,(anonymous_1)
FN:29,(anonymous_2)
FNF:3
FNH:3
FNDA:3,(anonymous_0)
FNDA:4,(anonymous_1)
FNDA:1,(anonymous_2)
DA:6,3
DA:8,3
DA:12,4
DA:29,3
DA:30,1
LF:5
LH:5
BRDA:14,0,0,4
BRDA:14,0,1,3
BRDA:21,1,0,4
BRDA:21,1,1,1
BRF:4
BRH:4
end_of_record
TN:
SF:/Applications/XAMPP/xamppfiles/htdocs/team11-PULSeBS/clientbuild/client/src/TopBar.js
FN:9,(anonymous_0)
FN:32,(anonymous_1)
FN:49,(anonymous_2)
FN:54,(anonymous_3)
FN:68,(anonymous_4)
FNF:5
FNH:5
FNDA:11,(anonymous_0)
FNDA:1,(anonymous_1)
FNDA:11,(anonymous_2)
FNDA:3,(anonymous_3)
FNDA:3,(anonymous_4)
DA:10,11
DA:32,1
DA:49,2
DA:50,11
DA:51,11
DA:52,11
DA:54,11
DA:55,3
DA:57,2
DA:58,1
DA:60,2
DA:62,1
DA:66,11
DA:68,3
LF:14
LH:14
BRDA:12,0,0,3
BRDA:12,0,1,8
BRDA:17,1,0,6
BRDA:17,1,1,2
BRDA:23,2,0,8
BRDA:23,2,1,1
BRDA:28,3,0,8
BRDA:28,3,1,1
BRDA:55,4,0,2
BRDA:55,4,1,1
BRDA:57,5,0,1
BRDA:57,5,1,1
BRF:12
BRH:12
end_of_record
TN:
SF:/Applications/XAMPP/xamppfiles/htdocs/team11-PULSeBS/clientbuild/client/src/index.js
FNF:0
FNH:0
DA:7,0
DA:17,0
LF:2
LH:0
BRF:0
BRH:0
end_of_record
TN:
SF:/Applications/XAMPP/xamppfiles/htdocs/team11-PULSeBS/clientbuild/client/src/reportWebVitals.js
FN:1,(anonymous_0)
FN:3,(anonymous_1)
FNF:2
FNH:0
FNDA:0,(anonymous_0)
FNDA:0,(anonymous_1)
DA:1,0
DA:2,0
DA:3,0
DA:4,0
DA:5,0
DA:6,0
DA:7,0
DA:8,0
LF:8
LH:0
BRDA:2,0,0,0
BRDA:2,0,1,0
BRDA:2,1,0,0
BRDA:2,1,1,0
BRF:4
BRH:0
end_of_record
TN:
SF:/Applications/XAMPP/xamppfiles/htdocs/team11-PULSeBS/clientbuild/client/src/SupportOfficer/Dropzone.js
FN:7,(anonymous_0)
FN:22,(anonymous_1)
FN:27,(anonymous_2)
FN:38,(anonymous_3)
FN:44,(anonymous_4)
FN:48,(anonymous_5)
FN:62,(anonymous_6)
FNF:7
FNH:7
FNDA:14,(anonymous_0)
FNDA:2,(anonymous_1)
FNDA:4,(anonymous_2)
FNDA:2,(anonymous_3)
FNDA:1,(anonymous_4)
FNDA:5,(anonymous_5)
FNDA:20,(anonymous_6)
DA:8,14
DA:9,14
DA:13,14
DA:15,14
DA:16,14
DA:17,14
DA:18,14
DA:19,14
DA:23,2
DA:24,1
DA:28,4
DA:29,3
DA:30,2
DA:32,2
DA:33,1
DA:39,2
DA:40,2
DA:41,1
DA:45,1
DA:49,5
DA:50,5
DA:51,4
DA:52,3
DA:53,3
DA:54,2
DA:55,1
DA:59,4
DA:63,20
LF:28
LH:28
BRDA:23,0,0,1
BRDA:23,0,1,1
BRDA:28,1,0,1
BRDA:28,1,1,3
BRDA:29,2,0,2
BRDA:29,2,1,1
BRDA:32,3,0,1
BRDA:32,3,1,1
BRDA:40,4,0,1
BRDA:40,4,1,1
BRDA:50,5,0,1
BRDA:50,5,1,4
BRDA:51,6,0,3
BRDA:51,6,1,1
BRDA:53,7,0,2
BRDA:53,7,1,1
BRDA:54,8,0,1
BRDA:54,8,1,1
BRDA:65,9,0,1
BRDA:65,9,1,19
BRDA:70,10,0,4
BRDA:70,10,1,16
BRDA:80,11,0,19
BRDA:80,11,1,1
BRDA:85,12,0,1
BRDA:85,12,1,19
BRF:26
BRH:26
end_of_record
TN:
SF:/Applications/XAMPP/xamppfiles/htdocs/team11-PULSeBS/clientbuild/client/src/SupportOfficer/SetupResultModal.js
FN:6,(anonymous_0)
FNF:1
FNH:1
FNDA:1,(anonymous_0)
DA:7,1
LF:1
LH:1
BRDA:9,0,0,1
BRDA:9,0,1,0
BRDA:10,1,0,1
BRDA:10,1,1,1
BRF:4
BRH:3
end_of_record
TN:
SF:/Applications/XAMPP/xamppfiles/htdocs/team11-PULSeBS/clientbuild/client/src/SupportOfficer/SupportOfficerPage.js
FN:8,(anonymous_0)
FN:22,(anonymous_1)
FN:26,(anonymous_2)
FN:34,(anonymous_3)
FN:42,(anonymous_4)
FN:46,(anonymous_5)
FN:47,(anonymous_6)
FN:50,(anonymous_7)
FN:69,(anonymous_8)
FNF:9
FNH:6
FNDA:1,(anonymous_0)
FNDA:1,(anonymous_1)
FNDA:1,(anonymous_2)
FNDA:2,(anonymous_3)
FNDA:2,(anonymous_4)
FNDA:0,(anonymous_5)
FNDA:0,(anonymous_6)
FNDA:2,(anonymous_7)
FNDA:0,(anonymous_8)
DA:9,1
DA:10,1
DA:22,1
DA:27,1
DA:34,2
DA:42,2
DA:44,2
DA:45,2
DA:46,2
DA:47,2
DA:48,2
DA:50,2
DA:51,2
DA:53,1
DA:55,1
DA:57,0
DA:62,2
DA:69,0
LF:18
LH:16
BRDA:51,0,0,1
BRDA:51,0,1,1
BRDA:51,0,2,0
BRDA:65,1,0,0
BRDA:65,1,1,2
BRF:5
BRH:3
end_of_record
TN:
SF:/Applications/XAMPP/xamppfiles/htdocs/team11-PULSeBS/clientbuild/client/src/SupportOfficer/SupportOfficerSetupPage.js
FN:10,(anonymous_0)
FN:29,(anonymous_1)
FN:32,(anonymous_2)
FN:33,(anonymous_3)
FN:35,(anonymous_4)
FN:44,(anonymous_5)
FN:63,(anonymous_6)
FN:65,(anonymous_7)
FN:67,(anonymous_8)
FN:72,(anonymous_9)
FN:76,(anonymous_10)
FN:86,(anonymous_11)
FN:88,(anonymous_12)
FN:90,(anonymous_13)
FN:95,(anonymous_14)
FN:99,(anonymous_15)
FN:109,(anonymous_16)
FN:111,(anonymous_17)
FN:113,(anonymous_18)
FN:118,(anonymous_19)
FN:122,(anonymous_20)
FN:132,(anonymous_21)
FN:134,(anonymous_22)
FN:136,(anonymous_23)
FN:140,(anonymous_24)
FN:144,(anonymous_25)
FN:154,(anonymous_26)
FN:156,(anonymous_27)
FN:158,(anonymous_28)
FN:162,(anonymous_29)
FN:166,(anonymous_30)
FN:176,(anonymous_31)
FN:198,(anonymous_32)
FN:199,(anonymous_33)
FN:204,(anonymous_34)
FN:210,(anonymous_35)
FN:229,(anonymous_36)
FN:232,(anonymous_37)
FN:242,(anonymous_38)
FN:246,(anonymous_39)
FN:285,(anonymous_40)
FNF:41
FNH:41
FNDA:13,(anonymous_0)
FNDA:13,(anonymous_1)
FNDA:10,(anonymous_2)
FNDA:10,(anonymous_3)
FNDA:10,(anonymous_4)
FNDA:2,(anonymous_5)
FNDA:2,(anonymous_6)
FNDA:2,(anonymous_7)
FNDA:2,(anonymous_8)
FNDA:1,(anonymous_9)
FNDA:1,(anonymous_10)
FNDA:2,(anonymous_11)
FNDA:2,(anonymous_12)
FNDA:2,(anonymous_13)
FNDA:1,(anonymous_14)
FNDA:1,(anonymous_15)
FNDA:2,(anonymous_16)
FNDA:2,(anonymous_17)
FNDA:2,(anonymous_18)
FNDA:1,(anonymous_19)
FNDA:1,(anonymous_20)
FNDA:2,(anonymous_21)
FNDA:2,(anonymous_22)
FNDA:2,(anonymous_23)
FNDA:1,(anonymous_24)
FNDA:1,(anonymous_25)
FNDA:2,(anonymous_26)
FNDA:2,(anonymous_27)
FNDA:2,(anonymous_28)
FNDA:1,(anonymous_29)
FNDA:1,(anonymous_30)
FNDA:11,(anonymous_31)
FNDA:1,(anonymous_32)
FNDA:1,(anonymous_33)
FNDA:1,(anonymous_34)
FNDA:187,(anonymous_35)
FNDA:3,(anonymous_36)
FNDA:3,(anonymous_37)
FNDA:30,(anonymous_38)
FNDA:180,(anonymous_39)
FNDA:5,(anonymous_40)
DA:11,13
DA:12,13
DA:22,13
DA:23,13
DA:24,13
DA:26,13
DA:29,13
DA:33,10
DA:37,10
DA:39,1
DA:44,13
DA:45,2
DA:47,2
DA:48,2
DA:49,2
DA:50,2
DA:51,2
DA:53,1
DA:54,1
DA:57,1
DA:58,1
DA:59,1
DA:63,13
DA:65,2
DA:66,2
DA:69,2
DA:71,2
DA:73,1
DA:74,1
DA:77,1
DA:78,1
DA:79,1
DA:86,13
DA:88,2
DA:89,2
DA:92,2
DA:94,2
DA:96,1
DA:97,1
DA:100,1
DA:101,1
DA:102,1
DA:109,13
DA:111,2
DA:112,2
DA:115,2
DA:117,2
DA:119,1
DA:120,1
DA:123,1
DA:124,1
DA:125,1
DA:132,13
DA:134,2
DA:135,2
DA:138,2
DA:139,2
DA:141,1
DA:142,1
DA:145,1
DA:146,1
DA:147,1
DA:154,13
DA:156,2
DA:157,2
DA:160,2
DA:161,2
DA:163,1
DA:164,1
DA:167,1
DA:168,1
DA:169,1
DA:176,13
DA:178,11
DA:180,11
DA:182,11
DA:187,11
DA:188,2
DA:189,2
DA:190,4
DA:192,2
DA:195,11
DA:199,1
DA:205,1
DA:211,187
DA:213,31
DA:215,31
DA:217,31
DA:219,31
DA:221,31
DA:223,31
DA:225,1
DA:230,3
DA:232,3
DA:233,3
DA:235,2
DA:237,2
DA:238,2
DA:243,30
DA:247,180
DA:286,5
LF:101
LH:101
BRDA:37,0,0,1
BRDA:37,0,1,9
BRDA:211,1,0,31
BRDA:211,1,1,31
BRDA:211,1,2,31
BRDA:211,1,3,31
BRDA:211,1,4,31
BRDA:211,1,5,31
BRDA:211,1,6,1
BRDA:235,2,0,1
BRDA:235,2,1,1
BRDA:235,3,0,2
BRDA:235,3,1,2
BRDA:263,4,0,180
BRDA:263,4,1,168
BRDA:267,5,0,6
BRDA:267,5,1,174
BRF:17
BRH:17
end_of_record
