TN:
SF:C:\Users\Fabio Stabile\Desktop\Fabio\Università\Polito\2° anno\Software engineering 2\Progetto\team11-PULSeBS\clientBuild\client\src\API.js
FN:1,userLogin
FN:2,(anonymous_1)
FN:10,(anonymous_2)
FN:11,(anonymous_3)
FN:21,(anonymous_4)
FN:22,(anonymous_5)
FN:26,logout
FN:27,(anonymous_7)
FN:29,(anonymous_8)
FN:37,(anonymous_9)
FN:44,getBookableStudentLectures
FN:60,getBooking
FN:76,getStudentBookings
FN:92,bookASeat
FN:122,getTeacherLectures
FN:137,deleteBooking
FN:139,(anonymous_16)
FN:148,(anonymous_17)
FN:154,(anonymous_18)
FN:158,deleteLecture
FN:160,(anonymous_20)
FN:169,(anonymous_21)
FN:175,(anonymous_22)
FNF:23
FNH:14
FNDA:6,userLogin
FNDA:6,(anonymous_1)
FNDA:4,(anonymous_2)
FNDA:4,(anonymous_3)
FNDA:0,(anonymous_4)
FNDA:0,(anonymous_5)
FNDA:1,logout
FNDA:1,(anonymous_7)
FNDA:1,(anonymous_8)
FNDA:0,(anonymous_9)
FNDA:2,getBookableStudentLectures
FNDA:1,getBooking
FNDA:2,getStudentBookings
FNDA:0,bookASeat
FNDA:2,getTeacherLectures
FNDA:1,deleteBooking
FNDA:1,(anonymous_16)
FNDA:1,(anonymous_17)
FNDA:0,(anonymous_18)
FNDA:0,deleteLecture
FNDA:0,(anonymous_20)
FNDA:0,(anonymous_21)
FNDA:0,(anonymous_22)
DA:2,6
DA:3,6
DA:11,4
DA:19,4
DA:21,0
DA:22,0
DA:27,1
DA:28,1
DA:30,1
DA:31,1
DA:34,0
DA:38,0
DA:45,2
DA:46,2
DA:47,1
DA:48,1
DA:49,1
DA:50,1
DA:52,0
DA:54,0
DA:55,0
DA:61,1
DA:62,1
DA:63,1
DA:64,1
DA:65,1
DA:66,1
DA:68,0
DA:70,0
DA:71,0
DA:77,2
DA:78,2
DA:79,1
DA:80,1
DA:81,1
DA:82,1
DA:84,0
DA:86,0
DA:87,0
DA:93,0
DA:94,0
DA:106,0
DA:107,0
DA:108,0
DA:109,0
DA:111,0
DA:112,0
DA:116,0
DA:117,0
DA:123,2
DA:124,2
DA:125,1
DA:126,1
DA:127,1
DA:128,1
DA:130,0
DA:132,0
DA:133,0
DA:138,1
DA:139,1
DA:140,1
DA:149,1
DA:150,1
DA:152,0
DA:154,0
DA:159,0
DA:160,0
DA:161,0
DA:170,0
DA:171,0
DA:173,0
DA:175,0
DA:179,6
LF:73
LH:38
BRDA:30,0,0,1
BRDA:30,0,1,0
BRDA:48,1,0,1
BRDA:48,1,1,0
BRDA:49,2,0,1
BRDA:49,2,1,0
BRDA:64,3,0,1
BRDA:64,3,1,0
BRDA:65,4,0,1
BRDA:65,4,1,0
BRDA:80,5,0,1
BRDA:80,5,1,0
BRDA:81,6,0,1
BRDA:81,6,1,0
BRDA:108,7,0,0
BRDA:108,7,1,0
BRDA:126,8,0,1
BRDA:126,8,1,0
BRDA:127,9,0,1
BRDA:127,9,1,0
BRDA:149,10,0,1
BRDA:149,10,1,0
BRDA:170,11,0,0
BRDA:170,11,1,0
BRF:24
BRH:10
end_of_record
TN:
SF:C:\Users\Fabio Stabile\Desktop\Fabio\Università\Polito\2° anno\Software engineering 2\Progetto\team11-PULSeBS\clientBuild\client\src\App.js
FN:14,(anonymous_0)
FN:28,(anonymous_1)
FN:32,(anonymous_2)
FN:45,(anonymous_3)
FN:47,(anonymous_4)
FN:51,(anonymous_5)
FN:56,(anonymous_6)
FN:57,(anonymous_7)
FN:62,(anonymous_8)
FN:63,(anonymous_9)
FN:68,(anonymous_10)
FN:69,(anonymous_11)
FN:74,(anonymous_12)
FN:76,(anonymous_13)
FN:81,(anonymous_14)
FN:86,(anonymous_15)
FN:87,(anonymous_16)
FN:93,(anonymous_17)
FN:102,(anonymous_18)
FN:111,(anonymous_19)
FN:119,(anonymous_20)
FN:128,(anonymous_21)
FN:143,(anonymous_22)
FNF:23
FNH:6
FNDA:4,(anonymous_0)
FNDA:1,(anonymous_1)
FNDA:0,(anonymous_2)
FNDA:0,(anonymous_3)
FNDA:0,(anonymous_4)
FNDA:0,(anonymous_5)
FNDA:1,(anonymous_6)
FNDA:0,(anonymous_7)
FNDA:1,(anonymous_8)
FNDA:0,(anonymous_9)
FNDA:1,(anonymous_10)
FNDA:0,(anonymous_11)
FNDA:0,(anonymous_12)
FNDA:0,(anonymous_13)
FNDA:0,(anonymous_14)
FNDA:0,(anonymous_15)
FNDA:0,(anonymous_16)
FNDA:0,(anonymous_17)
FNDA:0,(anonymous_18)
FNDA:1,(anonymous_19)
FNDA:0,(anonymous_20)
FNDA:0,(anonymous_21)
FNDA:0,(anonymous_22)
DA:15,4
DA:17,4
DA:32,4
DA:33,0
DA:34,0
DA:35,0
DA:36,0
DA:37,0
DA:38,0
DA:39,0
DA:40,0
DA:41,0
DA:45,4
DA:46,0
DA:48,0
DA:49,0
DA:52,0
DA:56,4
DA:57,1
DA:58,0
DA:62,4
DA:63,1
DA:64,0
DA:68,4
DA:69,1
DA:70,0
DA:74,4
DA:75,0
DA:76,0
DA:78,0
DA:79,0
DA:82,0
DA:86,4
DA:87,0
DA:88,0
DA:89,0
DA:93,4
DA:99,0
DA:102,4
DA:108,0
DA:112,1
DA:120,0
DA:129,0
DA:144,0
LF:44
LH:15
BRDA:37,0,0,0
BRDA:37,0,1,0
BRDA:40,1,0,0
BRDA:40,1,1,0
BRDA:118,2,0,0
BRDA:118,2,1,1
BRDA:118,3,0,1
BRDA:118,3,1,0
BRDA:142,4,0,0
BRDA:142,4,1,1
BRDA:142,5,0,1
BRDA:142,5,1,0
BRF:12
BRH:4
end_of_record
TN:
SF:C:\Users\Fabio Stabile\Desktop\Fabio\Università\Polito\2° anno\Software engineering 2\Progetto\team11-PULSeBS\clientBuild\client\src\Calendar.js
FN:11,(anonymous_0)
FN:25,(anonymous_1)
FN:29,(anonymous_2)
FN:73,(anonymous_3)
FN:79,(anonymous_4)
FNF:5
FNH:2
FNDA:3,(anonymous_0)
FNDA:0,(anonymous_1)
FNDA:3,(anonymous_2)
FNDA:0,(anonymous_3)
FNDA:0,(anonymous_4)
DA:12,3
DA:14,3
DA:25,3
DA:26,0
DA:30,3
DA:73,3
DA:78,0
DA:79,0
DA:80,0
DA:85,0
DA:86,0
DA:87,0
DA:88,0
DA:89,0
DA:90,0
DA:91,0
DA:92,0
DA:93,0
DA:94,0
LF:19
LH:5
BRDA:41,0,0,1
BRDA:41,0,1,2
BRDA:78,1,0,0
BRDA:78,1,1,0
BRF:4
BRH:2
end_of_record
TN:
SF:C:\Users\Fabio Stabile\Desktop\Fabio\Università\Polito\2° anno\Software engineering 2\Progetto\team11-PULSeBS\clientBuild\client\src\LoginForm.js
FN:7,(anonymous_0)
FN:12,(anonymous_1)
FN:16,(anonymous_2)
FN:17,(anonymous_3)
FN:26,(anonymous_4)
FN:32,(anonymous_5)
FN:41,(anonymous_6)
FN:45,(anonymous_7)
FN:54,(anonymous_8)
FN:62,(anonymous_9)
FN:72,(anonymous_10)
FNF:11
FNH:8
FNDA:6,(anonymous_0)
FNDA:6,(anonymous_1)
FNDA:2,(anonymous_2)
FNDA:0,(anonymous_3)
FNDA:0,(anonymous_4)
FNDA:3,(anonymous_5)
FNDA:0,(anonymous_6)
FNDA:12,(anonymous_7)
FNDA:24,(anonymous_8)
FNDA:4,(anonymous_9)
FNDA:2,(anonymous_10)
DA:8,6
DA:10,6
DA:12,6
DA:13,6
DA:16,6
DA:17,2
DA:18,0
DA:19,0
DA:20,0
DA:21,0
DA:23,0
DA:24,0
DA:27,0
DA:32,6
DA:33,3
DA:34,3
DA:35,2
DA:37,1
DA:41,6
DA:42,0
DA:46,12
DA:47,0
DA:48,0
DA:49,12
DA:50,0
DA:52,12
DA:54,24
DA:62,4
DA:72,2
LF:29
LH:18
BRDA:18,0,0,0
BRDA:18,0,1,0
BRDA:34,1,0,2
BRDA:34,1,1,1
BRDA:46,2,0,0
BRDA:46,2,1,12
BRDA:46,3,0,12
BRDA:46,3,1,0
BRDA:49,4,0,0
BRDA:49,4,1,12
BRDA:49,5,0,12
BRDA:49,5,1,0
BRF:12
BRH:6
end_of_record
TN:
SF:C:\Users\Fabio Stabile\Desktop\Fabio\Università\Polito\2° anno\Software engineering 2\Progetto\team11-PULSeBS\clientBuild\client\src\ModalStudent.js
FN:6,(anonymous_0)
FN:10,(anonymous_1)
FN:15,(anonymous_2)
FN:34,(anonymous_3)
FN:35,(anonymous_4)
FN:41,(anonymous_5)
FN:42,(anonymous_6)
FNF:7
FNH:7
FNDA:10,(anonymous_0)
FNDA:10,(anonymous_1)
FNDA:1,(anonymous_2)
FNDA:1,(anonymous_3)
FNDA:1,(anonymous_4)
FNDA:1,(anonymous_5)
FNDA:1,(anonymous_6)
DA:7,10
DA:11,10
DA:12,8
DA:15,1
DA:34,1
DA:35,1
DA:41,1
DA:42,1
DA:51,2
LF:9
LH:9
BRDA:11,0,0,8
BRDA:11,0,1,2
BRDA:32,1,0,3
BRDA:32,1,1,5
BRF:4
BRH:4
end_of_record
TN:
SF:C:\Users\Fabio Stabile\Desktop\Fabio\Università\Polito\2° anno\Software engineering 2\Progetto\team11-PULSeBS\clientBuild\client\src\ModalTeacher.js
FN:11,(anonymous_0)
FN:15,(anonymous_1)
FN:20,(anonymous_2)
FN:53,(anonymous_3)
FN:68,(anonymous_4)
FN:88,(anonymous_5)
FN:98,(anonymous_6)
FN:110,StudentRow
FNF:8
FNH:8
FNDA:10,(anonymous_0)
FNDA:10,(anonymous_1)
FNDA:1,(anonymous_2)
FNDA:1,(anonymous_3)
FNDA:1,(anonymous_4)
FNDA:2,(anonymous_5)
FNDA:1,(anonymous_6)
FNDA:2,StudentRow
DA:12,10
DA:16,10
DA:17,7
DA:20,1
DA:53,1
DA:68,1
DA:88,2
DA:98,1
DA:105,3
DA:111,2
LF:10
LH:10
BRDA:16,0,0,7
BRDA:16,0,1,3
BRDA:42,1,0,1
BRDA:42,1,1,6
BRDA:57,2,0,1
BRDA:57,2,1,6
BRDA:74,3,0,6
BRDA:74,3,1,1
BRF:8
BRH:8
end_of_record
TN:
SF:C:\Users\Fabio Stabile\Desktop\Fabio\Università\Polito\2° anno\Software engineering 2\Progetto\team11-PULSeBS\clientBuild\client\src\StudentCalendarPage.js
FN:7,(anonymous_0)
FN:13,(anonymous_1)
FNF:2
FNH:2
FNDA:1,(anonymous_0)
FNDA:1,(anonymous_1)
DA:8,1
DA:10,1
DA:14,1
LF:3
LH:3
BRF:0
BRH:0
end_of_record
TN:
SF:C:\Users\Fabio Stabile\Desktop\Fabio\Università\Polito\2° anno\Software engineering 2\Progetto\team11-PULSeBS\clientBuild\client\src\TeacherCalendarPage.js
FN:7,(anonymous_0)
FN:12,(anonymous_1)
FNF:2
FNH:2
FNDA:1,(anonymous_0)
FNDA:1,(anonymous_1)
DA:8,1
DA:9,1
DA:13,1
LF:3
LH:3
BRF:0
BRH:0
end_of_record
TN:
SF:C:\Users\Fabio Stabile\Desktop\Fabio\Università\Polito\2° anno\Software engineering 2\Progetto\team11-PULSeBS\clientBuild\client\src\TopBar.js
FN:6,(anonymous_0)
FN:16,(anonymous_1)
FNF:2
FNH:2
FNDA:4,(anonymous_0)
FNDA:1,(anonymous_1)
DA:7,4
DA:16,1
LF:2
LH:2
BRDA:9,0,0,2
BRDA:9,0,1,2
BRF:2
BRH:2
end_of_record
TN:
SF:C:\Users\Fabio Stabile\Desktop\Fabio\Università\Polito\2° anno\Software engineering 2\Progetto\team11-PULSeBS\clientBuild\client\src\index.js
FNF:0
FNH:0
DA:7,0
DA:17,0
LF:2
LH:0
BRF:0
BRH:0
end_of_record
TN:
SF:C:\Users\Fabio Stabile\Desktop\Fabio\Università\Polito\2° anno\Software engineering 2\Progetto\team11-PULSeBS\clientBuild\client\src\reportWebVitals.js
FN:1,(anonymous_0)
FN:3,(anonymous_1)
FNF:2
FNH:0
FNDA:0,(anonymous_0)
FNDA:0,(anonymous_1)
DA:1,0
DA:2,0
DA:3,0
DA:4,0
DA:5,0
DA:6,0
DA:7,0
DA:8,0
LF:8
LH:0
BRDA:2,0,0,0
BRDA:2,0,1,0
BRDA:2,1,0,0
BRDA:2,1,1,0
BRF:4
BRH:0
end_of_record
